{"C:\\Users\\allan\\clinicos-admin\\src\\components\\AnamnesisFormEditor.tsx": {"path":"C:\\Users\\allan\\clinicos-admin\\src\\components\\AnamnesisFormEditor.tsx","statementMap":{"0":{"start":{"line":2,"column":0},"end":{"line":2,"column":null}},"1":{"start":{"line":11,"column":0},"end":{"line":11,"column":null}},"2":{"start":{"line":17,"column":0},"end":{"line":17,"column":51}},"3":{"start":{"line":18,"column":0},"end":{"line":18,"column":58}},"4":{"start":{"line":20,"column":0},"end":{"line":20,"column":null}},"5":{"start":{"line":25,"column":0},"end":{"line":25,"column":50}},"6":{"start":{"line":26,"column":0},"end":{"line":26,"column":48}},"7":{"start":{"line":28,"column":38},"end":{"line":339,"column":1}},"8":{"start":{"line":29,"column":17},"end":{"line":29,"column":44}},"9":{"start":{"line":30,"column":19},"end":{"line":30,"column":32}},"10":{"start":{"line":31,"column":26},"end":{"line":37,"column":4}},"11":{"start":{"line":38,"column":36},"end":{"line":38,"column":51}},"12":{"start":{"line":39,"column":28},"end":{"line":39,"column":57}},"13":{"start":{"line":41,"column":22},"end":{"line":46,"column":4}},"14":{"start":{"line":48,"column":22},"end":{"line":53,"column":4}},"15":{"start":{"line":55,"column":18},"end":{"line":60,"column":null}},"16":{"start":{"line":63,"column":2},"end":{"line":71,"column":11}},"17":{"start":{"line":64,"column":4},"end":{"line":70,"column":5}},"18":{"start":{"line":65,"column":6},"end":{"line":65,"column":25}},"19":{"start":{"line":66,"column":6},"end":{"line":69,"column":44}},"20":{"start":{"line":68,"column":24},"end":{"line":68,"column":45}},"21":{"start":{"line":69,"column":23},"end":{"line":69,"column":42}},"22":{"start":{"line":73,"column":28},"end":{"line":78,"column":3}},"23":{"start":{"line":76,"column":28},"end":{"line":76,"column":36}},"24":{"start":{"line":77,"column":4},"end":{"line":77,"column":60}},"25":{"start":{"line":77,"column":27},"end":{"line":77,"column":57}},"26":{"start":{"line":80,"column":31},"end":{"line":101,"column":3}},"27":{"start":{"line":86,"column":4},"end":{"line":100,"column":8}},"28":{"start":{"line":86,"column":27},"end":{"line":100,"column":6}},"29":{"start":{"line":89,"column":8},"end":{"line":98,"column":19}},"30":{"start":{"line":93,"column":16},"end":{"line":95,"column":28}},"31":{"start":{"line":103,"column":35},"end":{"line":110,"column":3}},"32":{"start":{"line":104,"column":4},"end":{"line":109,"column":8}},"33":{"start":{"line":104,"column":27},"end":{"line":109,"column":6}},"34":{"start":{"line":107,"column":8},"end":{"line":107,"column":76}},"35":{"start":{"line":112,"column":27},"end":{"line":122,"column":3}},"36":{"start":{"line":113,"column":32},"end":{"line":117,"column":6}},"37":{"start":{"line":118,"column":4},"end":{"line":121,"column":8}},"38":{"start":{"line":118,"column":27},"end":{"line":121,"column":6}},"39":{"start":{"line":124,"column":30},"end":{"line":129,"column":3}},"40":{"start":{"line":125,"column":4},"end":{"line":128,"column":8}},"41":{"start":{"line":125,"column":27},"end":{"line":128,"column":6}},"42":{"start":{"line":127,"column":54},"end":{"line":127,"column":78}},"43":{"start":{"line":131,"column":28},"end":{"line":146,"column":3}},"44":{"start":{"line":132,"column":34},"end":{"line":137,"column":6}},"45":{"start":{"line":138,"column":4},"end":{"line":145,"column":8}},"46":{"start":{"line":138,"column":27},"end":{"line":145,"column":6}},"47":{"start":{"line":141,"column":8},"end":{"line":143,"column":19}},"48":{"start":{"line":148,"column":31},"end":{"line":160,"column":3}},"49":{"start":{"line":149,"column":4},"end":{"line":159,"column":8}},"50":{"start":{"line":149,"column":27},"end":{"line":159,"column":6}},"51":{"start":{"line":152,"column":8},"end":{"line":157,"column":19}},"52":{"start":{"line":155,"column":57},"end":{"line":155,"column":76}},"53":{"start":{"line":162,"column":24},"end":{"line":180,"column":3}},"54":{"start":{"line":163,"column":29},"end":{"line":163,"column":34}},"55":{"start":{"line":165,"column":4},"end":{"line":179,"column":5}},"56":{"start":{"line":166,"column":6},"end":{"line":178,"column":9}},"57":{"start":{"line":167,"column":25},"end":{"line":168,"column":null}},"58":{"start":{"line":168,"column":23},"end":{"line":168,"column":47}},"59":{"start":{"line":170,"column":25},"end":{"line":171,"column":null}},"60":{"start":{"line":171,"column":23},"end":{"line":171,"column":45}},"61":{"start":{"line":174,"column":8},"end":{"line":177,"column":10}},"62":{"start":{"line":182,"column":32},"end":{"line":213,"column":3}},"63":{"start":{"line":183,"column":29},"end":{"line":183,"column":34}},"64":{"start":{"line":185,"column":4},"end":{"line":212,"column":5}},"65":{"start":{"line":186,"column":6},"end":{"line":211,"column":9}},"66":{"start":{"line":187,"column":29},"end":{"line":188,"column":null}},"67":{"start":{"line":188,"column":23},"end":{"line":188,"column":47}},"68":{"start":{"line":190,"column":25},"end":{"line":191,"column":null}},"69":{"start":{"line":191,"column":24},"end":{"line":191,"column":49}},"70":{"start":{"line":193,"column":25},"end":{"line":194,"column":null}},"71":{"start":{"line":194,"column":24},"end":{"line":194,"column":47}},"72":{"start":{"line":197,"column":28},"end":{"line":197,"column":50}},"73":{"start":{"line":198,"column":8},"end":{"line":205,"column":10}},"74":{"start":{"line":207,"column":8},"end":{"line":210,"column":10}},"75":{"start":{"line":215,"column":23},"end":{"line":227,"column":3}},"76":{"start":{"line":216,"column":4},"end":{"line":216,"column":23}},"77":{"start":{"line":217,"column":4},"end":{"line":217,"column":23}},"78":{"start":{"line":218,"column":4},"end":{"line":218,"column":19}},"79":{"start":{"line":219,"column":4},"end":{"line":226,"column":5}},"80":{"start":{"line":220,"column":6},"end":{"line":220,"column":38}},"81":{"start":{"line":221,"column":6},"end":{"line":221,"column":20}},"82":{"start":{"line":223,"column":6},"end":{"line":223,"column":73}},"83":{"start":{"line":225,"column":6},"end":{"line":225,"column":26}},"84":{"start":{"line":229,"column":2},"end":{"line":229,"column":46}},"85":{"start":{"line":229,"column":17},"end":{"line":229,"column":46}},"86":{"start":{"line":230,"column":2},"end":{"line":230,"column":46}},"87":{"start":{"line":230,"column":13},"end":{"line":230,"column":46}},"88":{"start":{"line":231,"column":2},"end":{"line":338,"column":4}},"89":{"start":{"line":268,"column":50},"end":{"line":268,"column":60}},"90":{"start":{"line":272,"column":14},"end":{"line":273,"column":null}},"91":{"start":{"line":276,"column":18},"end":{"line":276,"column":64}},"92":{"start":{"line":278,"column":32},"end":{"line":278,"column":63}},"93":{"start":{"line":284,"column":20},"end":{"line":284,"column":60}},"94":{"start":{"line":288,"column":63},"end":{"line":288,"column":74}},"95":{"start":{"line":292,"column":22},"end":{"line":293,"column":null}},"96":{"start":{"line":297,"column":26},"end":{"line":301,"column":null}},"97":{"start":{"line":305,"column":26},"end":{"line":305,"column":71}},"98":{"start":{"line":313,"column":33},"end":{"line":313,"column":62}},"99":{"start":{"line":341,"column":0},"end":{"line":341,"column":35}}},"fnMap":{"0":{"name":"(anonymous_1)","decl":{"start":{"line":28,"column":38},"end":{"line":28,"column":41}},"loc":{"start":{"line":28,"column":43},"end":{"line":339,"column":1}}},"1":{"name":"(anonymous_2)","decl":{"start":{"line":63,"column":12},"end":{"line":63,"column":15}},"loc":{"start":{"line":63,"column":17},"end":{"line":71,"column":3}}},"2":{"name":"(anonymous_3)","decl":{"start":{"line":68,"column":15},"end":{"line":68,"column":16}},"loc":{"start":{"line":68,"column":24},"end":{"line":68,"column":45}}},"3":{"name":"(anonymous_4)","decl":{"start":{"line":69,"column":17},"end":{"line":69,"column":20}},"loc":{"start":{"line":69,"column":23},"end":{"line":69,"column":42}}},"4":{"name":"(anonymous_5)","decl":{"start":{"line":73,"column":28},"end":{"line":73,"column":null}},"loc":{"start":{"line":75,"column":6},"end":{"line":78,"column":3}}},"5":{"name":"(anonymous_6)","decl":{"start":{"line":77,"column":12},"end":{"line":77,"column":13}},"loc":{"start":{"line":77,"column":27},"end":{"line":77,"column":57}}},"6":{"name":"(anonymous_7)","decl":{"start":{"line":80,"column":31},"end":{"line":80,"column":null}},"loc":{"start":{"line":85,"column":6},"end":{"line":101,"column":3}}},"7":{"name":"(anonymous_8)","decl":{"start":{"line":86,"column":12},"end":{"line":86,"column":13}},"loc":{"start":{"line":86,"column":27},"end":{"line":100,"column":6}}},"8":{"name":"(anonymous_9)","decl":{"start":{"line":88,"column":38},"end":{"line":88,"column":39}},"loc":{"start":{"line":89,"column":8},"end":{"line":98,"column":19}}},"9":{"name":"(anonymous_10)","decl":{"start":{"line":92,"column":47},"end":{"line":92,"column":48}},"loc":{"start":{"line":93,"column":16},"end":{"line":95,"column":28}}},"10":{"name":"(anonymous_11)","decl":{"start":{"line":103,"column":35},"end":{"line":103,"column":36}},"loc":{"start":{"line":103,"column":75},"end":{"line":110,"column":3}}},"11":{"name":"(anonymous_12)","decl":{"start":{"line":104,"column":12},"end":{"line":104,"column":13}},"loc":{"start":{"line":104,"column":27},"end":{"line":109,"column":6}}},"12":{"name":"(anonymous_13)","decl":{"start":{"line":106,"column":38},"end":{"line":106,"column":39}},"loc":{"start":{"line":107,"column":8},"end":{"line":107,"column":76}}},"13":{"name":"(anonymous_14)","decl":{"start":{"line":112,"column":27},"end":{"line":112,"column":30}},"loc":{"start":{"line":112,"column":32},"end":{"line":122,"column":3}}},"14":{"name":"(anonymous_15)","decl":{"start":{"line":118,"column":12},"end":{"line":118,"column":13}},"loc":{"start":{"line":118,"column":27},"end":{"line":121,"column":6}}},"15":{"name":"(anonymous_16)","decl":{"start":{"line":124,"column":30},"end":{"line":124,"column":31}},"loc":{"start":{"line":124,"column":52},"end":{"line":129,"column":3}}},"16":{"name":"(anonymous_17)","decl":{"start":{"line":125,"column":12},"end":{"line":125,"column":13}},"loc":{"start":{"line":125,"column":27},"end":{"line":128,"column":6}}},"17":{"name":"(anonymous_18)","decl":{"start":{"line":127,"column":41},"end":{"line":127,"column":42}},"loc":{"start":{"line":127,"column":54},"end":{"line":127,"column":78}}},"18":{"name":"(anonymous_19)","decl":{"start":{"line":131,"column":28},"end":{"line":131,"column":29}},"loc":{"start":{"line":131,"column":50},"end":{"line":146,"column":3}}},"19":{"name":"(anonymous_20)","decl":{"start":{"line":138,"column":12},"end":{"line":138,"column":13}},"loc":{"start":{"line":138,"column":27},"end":{"line":145,"column":6}}},"20":{"name":"(anonymous_21)","decl":{"start":{"line":140,"column":38},"end":{"line":140,"column":39}},"loc":{"start":{"line":141,"column":8},"end":{"line":143,"column":19}}},"21":{"name":"(anonymous_22)","decl":{"start":{"line":148,"column":31},"end":{"line":148,"column":32}},"loc":{"start":{"line":148,"column":73},"end":{"line":160,"column":3}}},"22":{"name":"(anonymous_23)","decl":{"start":{"line":149,"column":12},"end":{"line":149,"column":13}},"loc":{"start":{"line":149,"column":27},"end":{"line":159,"column":6}}},"23":{"name":"(anonymous_24)","decl":{"start":{"line":151,"column":38},"end":{"line":151,"column":39}},"loc":{"start":{"line":152,"column":8},"end":{"line":157,"column":19}}},"24":{"name":"(anonymous_25)","decl":{"start":{"line":155,"column":50},"end":{"line":155,"column":51}},"loc":{"start":{"line":155,"column":57},"end":{"line":155,"column":76}}},"25":{"name":"(anonymous_26)","decl":{"start":{"line":162,"column":24},"end":{"line":162,"column":25}},"loc":{"start":{"line":162,"column":48},"end":{"line":180,"column":3}}},"26":{"name":"(anonymous_27)","decl":{"start":{"line":166,"column":14},"end":{"line":166,"column":15}},"loc":{"start":{"line":166,"column":27},"end":{"line":178,"column":7}}},"27":{"name":"(anonymous_28)","decl":{"start":{"line":168,"column":10},"end":{"line":168,"column":11}},"loc":{"start":{"line":168,"column":23},"end":{"line":168,"column":47}}},"28":{"name":"(anonymous_29)","decl":{"start":{"line":171,"column":10},"end":{"line":171,"column":11}},"loc":{"start":{"line":171,"column":23},"end":{"line":171,"column":45}}},"29":{"name":"(anonymous_30)","decl":{"start":{"line":182,"column":32},"end":{"line":182,"column":33}},"loc":{"start":{"line":182,"column":75},"end":{"line":213,"column":3}}},"30":{"name":"(anonymous_31)","decl":{"start":{"line":186,"column":14},"end":{"line":186,"column":15}},"loc":{"start":{"line":186,"column":27},"end":{"line":211,"column":7}}},"31":{"name":"(anonymous_32)","decl":{"start":{"line":188,"column":10},"end":{"line":188,"column":11}},"loc":{"start":{"line":188,"column":23},"end":{"line":188,"column":47}}},"32":{"name":"(anonymous_33)","decl":{"start":{"line":191,"column":10},"end":{"line":191,"column":11}},"loc":{"start":{"line":191,"column":24},"end":{"line":191,"column":49}}},"33":{"name":"(anonymous_34)","decl":{"start":{"line":194,"column":10},"end":{"line":194,"column":11}},"loc":{"start":{"line":194,"column":24},"end":{"line":194,"column":47}}},"34":{"name":"(anonymous_35)","decl":{"start":{"line":215,"column":23},"end":{"line":215,"column":28}},"loc":{"start":{"line":215,"column":52},"end":{"line":227,"column":3}}},"35":{"name":"(anonymous_36)","decl":{"start":{"line":268,"column":37},"end":{"line":268,"column":38}},"loc":{"start":{"line":268,"column":50},"end":{"line":268,"column":60}}},"36":{"name":"(anonymous_37)","decl":{"start":{"line":271,"column":31},"end":{"line":271,"column":32}},"loc":{"start":{"line":272,"column":14},"end":{"line":273,"column":null}}},"37":{"name":"(anonymous_38)","decl":{"start":{"line":275,"column":31},"end":{"line":275,"column":32}},"loc":{"start":{"line":276,"column":18},"end":{"line":276,"column":64}}},"38":{"name":"(anonymous_39)","decl":{"start":{"line":278,"column":26},"end":{"line":278,"column":29}},"loc":{"start":{"line":278,"column":32},"end":{"line":278,"column":63}}},"39":{"name":"(anonymous_40)","decl":{"start":{"line":283,"column":29},"end":{"line":283,"column":30}},"loc":{"start":{"line":284,"column":20},"end":{"line":284,"column":60}}},"40":{"name":"(anonymous_41)","decl":{"start":{"line":288,"column":49},"end":{"line":288,"column":50}},"loc":{"start":{"line":288,"column":63},"end":{"line":288,"column":74}}},"41":{"name":"(anonymous_42)","decl":{"start":{"line":291,"column":43},"end":{"line":291,"column":44}},"loc":{"start":{"line":292,"column":22},"end":{"line":293,"column":null}}},"42":{"name":"(anonymous_43)","decl":{"start":{"line":296,"column":42},"end":{"line":296,"column":43}},"loc":{"start":{"line":297,"column":26},"end":{"line":301,"column":null}}},"43":{"name":"(anonymous_44)","decl":{"start":{"line":304,"column":34},"end":{"line":304,"column":37}},"loc":{"start":{"line":305,"column":26},"end":{"line":305,"column":71}}},"44":{"name":"(anonymous_45)","decl":{"start":{"line":313,"column":27},"end":{"line":313,"column":30}},"loc":{"start":{"line":313,"column":33},"end":{"line":313,"column":62}}}},"branchMap":{"0":{"loc":{"start":{"line":64,"column":4},"end":{"line":70,"column":5}},"type":"if","locations":[{"start":{"line":64,"column":4},"end":{"line":70,"column":5}}]},"1":{"loc":{"start":{"line":89,"column":8},"end":{"line":98,"column":19}},"type":"cond-expr","locations":[{"start":{"line":90,"column":12},"end":{"line":97,"column":null}},{"start":{"line":98,"column":12},"end":{"line":98,"column":19}}]},"2":{"loc":{"start":{"line":93,"column":16},"end":{"line":95,"column":28}},"type":"cond-expr","locations":[{"start":{"line":94,"column":20},"end":{"line":94,"column":51}},{"start":{"line":95,"column":20},"end":{"line":95,"column":28}}]},"3":{"loc":{"start":{"line":107,"column":8},"end":{"line":107,"column":76}},"type":"cond-expr","locations":[{"start":{"line":107,"column":35},"end":{"line":107,"column":66}},{"start":{"line":107,"column":69},"end":{"line":107,"column":76}}]},"4":{"loc":{"start":{"line":141,"column":8},"end":{"line":143,"column":19}},"type":"cond-expr","locations":[{"start":{"line":142,"column":12},"end":{"line":142,"column":74}},{"start":{"line":143,"column":12},"end":{"line":143,"column":19}}]},"5":{"loc":{"start":{"line":152,"column":8},"end":{"line":157,"column":19}},"type":"cond-expr","locations":[{"start":{"line":153,"column":12},"end":{"line":156,"column":null}},{"start":{"line":157,"column":12},"end":{"line":157,"column":19}}]},"6":{"loc":{"start":{"line":165,"column":4},"end":{"line":179,"column":5}},"type":"if","locations":[{"start":{"line":165,"column":4},"end":{"line":179,"column":5}}]},"7":{"loc":{"start":{"line":165,"column":8},"end":{"line":165,"column":37}},"type":"binary-expr","locations":[{"start":{"line":165,"column":8},"end":{"line":165,"column":12}},{"start":{"line":165,"column":16},"end":{"line":165,"column":37}}]},"8":{"loc":{"start":{"line":185,"column":4},"end":{"line":212,"column":5}},"type":"if","locations":[{"start":{"line":185,"column":4},"end":{"line":212,"column":5}}]},"9":{"loc":{"start":{"line":185,"column":8},"end":{"line":185,"column":37}},"type":"binary-expr","locations":[{"start":{"line":185,"column":8},"end":{"line":185,"column":12}},{"start":{"line":185,"column":16},"end":{"line":185,"column":37}}]},"10":{"loc":{"start":{"line":223,"column":15},"end":{"line":223,"column":71}},"type":"cond-expr","locations":[{"start":{"line":223,"column":38},"end":{"line":223,"column":49}},{"start":{"line":223,"column":52},"end":{"line":223,"column":71}}]},"11":{"loc":{"start":{"line":229,"column":2},"end":{"line":229,"column":46}},"type":"if","locations":[{"start":{"line":229,"column":2},"end":{"line":229,"column":46}}]},"12":{"loc":{"start":{"line":230,"column":2},"end":{"line":230,"column":46}},"type":"if","locations":[{"start":{"line":230,"column":2},"end":{"line":230,"column":46}}]}},"s":{"0":1,"1":1,"2":1,"3":1,"4":1,"5":1,"6":1,"7":1,"8":33,"9":33,"10":33,"11":33,"12":33,"13":33,"14":33,"15":33,"16":33,"17":8,"18":8,"19":8,"20":1,"21":8,"22":33,"23":2,"24":2,"25":2,"26":33,"27":0,"28":0,"29":0,"30":0,"31":33,"32":0,"33":0,"34":0,"35":33,"36":1,"37":1,"38":1,"39":33,"40":0,"41":0,"42":0,"43":33,"44":1,"45":1,"46":1,"47":1,"48":33,"49":1,"50":1,"51":1,"52":1,"53":33,"54":0,"55":0,"56":0,"57":0,"58":0,"59":0,"60":0,"61":0,"62":33,"63":0,"64":0,"65":0,"66":0,"67":0,"68":0,"69":0,"70":0,"71":0,"72":0,"73":0,"74":0,"75":33,"76":2,"77":2,"78":2,"79":2,"80":2,"81":1,"82":1,"83":2,"84":33,"85":10,"86":23,"87":2,"88":21,"89":14,"90":14,"91":0,"92":0,"93":0,"94":13,"95":13,"96":0,"97":1,"98":1,"99":1},"f":{"0":33,"1":8,"2":1,"3":8,"4":2,"5":2,"6":0,"7":0,"8":0,"9":0,"10":0,"11":0,"12":0,"13":1,"14":1,"15":0,"16":0,"17":0,"18":1,"19":1,"20":1,"21":1,"22":1,"23":1,"24":1,"25":0,"26":0,"27":0,"28":0,"29":0,"30":0,"31":0,"32":0,"33":0,"34":2,"35":14,"36":14,"37":0,"38":0,"39":0,"40":13,"41":13,"42":0,"43":1,"44":1},"b":{"0":[8],"1":[0,0],"2":[0,0],"3":[0,0],"4":[1,0],"5":[1,0],"6":[0],"7":[0,0],"8":[0],"9":[0,0],"10":[1,0],"11":[10],"12":[2]}}
,"C:\\Users\\allan\\clinicos-admin\\src\\components\\CreateAnamnesisForm.tsx": {"path":"C:\\Users\\allan\\clinicos-admin\\src\\components\\CreateAnamnesisForm.tsx","statementMap":{"0":{"start":{"line":1,"column":0},"end":{"line":1,"column":null}},"1":{"start":{"line":10,"column":0},"end":{"line":10,"column":null}},"2":{"start":{"line":16,"column":0},"end":{"line":16,"column":40}},"3":{"start":{"line":17,"column":0},"end":{"line":17,"column":47}},"4":{"start":{"line":19,"column":0},"end":{"line":19,"column":67}},"5":{"start":{"line":21,"column":0},"end":{"line":21,"column":50}},"6":{"start":{"line":22,"column":0},"end":{"line":22,"column":48}},"7":{"start":{"line":24,"column":32},"end":{"line":27,"column":1}},"8":{"start":{"line":25,"column":15},"end":{"line":25,"column":35}},"9":{"start":{"line":26,"column":2},"end":{"line":26,"column":42}},"10":{"start":{"line":29,"column":38},"end":{"line":355,"column":1}},"11":{"start":{"line":30,"column":19},"end":{"line":30,"column":32}},"12":{"start":{"line":31,"column":26},"end":{"line":35,"column":4}},"13":{"start":{"line":36,"column":38},"end":{"line":36,"column":67}},"14":{"start":{"line":37,"column":50},"end":{"line":37,"column":79}},"15":{"start":{"line":39,"column":18},"end":{"line":48,"column":null}},"16":{"start":{"line":51,"column":28},"end":{"line":56,"column":3}},"17":{"start":{"line":54,"column":28},"end":{"line":54,"column":36}},"18":{"start":{"line":55,"column":4},"end":{"line":55,"column":60}},"19":{"start":{"line":55,"column":27},"end":{"line":55,"column":57}},"20":{"start":{"line":58,"column":27},"end":{"line":68,"column":3}},"21":{"start":{"line":59,"column":32},"end":{"line":63,"column":6}},"22":{"start":{"line":64,"column":4},"end":{"line":67,"column":8}},"23":{"start":{"line":64,"column":27},"end":{"line":67,"column":6}},"24":{"start":{"line":70,"column":30},"end":{"line":75,"column":3}},"25":{"start":{"line":71,"column":4},"end":{"line":74,"column":8}},"26":{"start":{"line":71,"column":27},"end":{"line":74,"column":6}},"27":{"start":{"line":73,"column":54},"end":{"line":73,"column":78}},"28":{"start":{"line":77,"column":35},"end":{"line":84,"column":3}},"29":{"start":{"line":78,"column":4},"end":{"line":83,"column":8}},"30":{"start":{"line":78,"column":27},"end":{"line":83,"column":6}},"31":{"start":{"line":81,"column":8},"end":{"line":81,"column":76}},"32":{"start":{"line":86,"column":28},"end":{"line":101,"column":3}},"33":{"start":{"line":87,"column":34},"end":{"line":92,"column":6}},"34":{"start":{"line":93,"column":4},"end":{"line":100,"column":8}},"35":{"start":{"line":93,"column":27},"end":{"line":100,"column":6}},"36":{"start":{"line":96,"column":8},"end":{"line":98,"column":19}},"37":{"start":{"line":103,"column":31},"end":{"line":115,"column":3}},"38":{"start":{"line":104,"column":4},"end":{"line":114,"column":8}},"39":{"start":{"line":104,"column":27},"end":{"line":114,"column":6}},"40":{"start":{"line":107,"column":8},"end":{"line":112,"column":19}},"41":{"start":{"line":110,"column":57},"end":{"line":110,"column":76}},"42":{"start":{"line":117,"column":31},"end":{"line":138,"column":3}},"43":{"start":{"line":123,"column":4},"end":{"line":137,"column":8}},"44":{"start":{"line":123,"column":27},"end":{"line":137,"column":6}},"45":{"start":{"line":126,"column":8},"end":{"line":135,"column":19}},"46":{"start":{"line":130,"column":16},"end":{"line":132,"column":28}},"47":{"start":{"line":140,"column":24},"end":{"line":158,"column":3}},"48":{"start":{"line":141,"column":29},"end":{"line":141,"column":34}},"49":{"start":{"line":143,"column":4},"end":{"line":157,"column":5}},"50":{"start":{"line":144,"column":6},"end":{"line":156,"column":9}},"51":{"start":{"line":145,"column":25},"end":{"line":146,"column":null}},"52":{"start":{"line":146,"column":23},"end":{"line":146,"column":47}},"53":{"start":{"line":148,"column":25},"end":{"line":149,"column":null}},"54":{"start":{"line":149,"column":23},"end":{"line":149,"column":45}},"55":{"start":{"line":152,"column":8},"end":{"line":155,"column":10}},"56":{"start":{"line":160,"column":32},"end":{"line":191,"column":3}},"57":{"start":{"line":161,"column":29},"end":{"line":161,"column":34}},"58":{"start":{"line":163,"column":4},"end":{"line":190,"column":5}},"59":{"start":{"line":164,"column":6},"end":{"line":189,"column":9}},"60":{"start":{"line":165,"column":29},"end":{"line":166,"column":null}},"61":{"start":{"line":166,"column":23},"end":{"line":166,"column":47}},"62":{"start":{"line":168,"column":25},"end":{"line":169,"column":null}},"63":{"start":{"line":169,"column":24},"end":{"line":169,"column":49}},"64":{"start":{"line":171,"column":25},"end":{"line":172,"column":null}},"65":{"start":{"line":172,"column":24},"end":{"line":172,"column":47}},"66":{"start":{"line":175,"column":28},"end":{"line":175,"column":50}},"67":{"start":{"line":176,"column":8},"end":{"line":183,"column":10}},"68":{"start":{"line":185,"column":8},"end":{"line":188,"column":10}},"69":{"start":{"line":193,"column":23},"end":{"line":233,"column":3}},"70":{"start":{"line":194,"column":4},"end":{"line":194,"column":23}},"71":{"start":{"line":197,"column":4},"end":{"line":197,"column":24}},"72":{"start":{"line":198,"column":4},"end":{"line":198,"column":30}},"73":{"start":{"line":201,"column":4},"end":{"line":204,"column":5}},"74":{"start":{"line":202,"column":6},"end":{"line":202,"column":41}},"75":{"start":{"line":203,"column":6},"end":{"line":203,"column":13}},"76":{"start":{"line":206,"column":4},"end":{"line":209,"column":5}},"77":{"start":{"line":207,"column":6},"end":{"line":207,"column":53}},"78":{"start":{"line":208,"column":6},"end":{"line":208,"column":13}},"79":{"start":{"line":211,"column":4},"end":{"line":232,"column":5}},"80":{"start":{"line":212,"column":28},"end":{"line":226,"column":8}},"81":{"start":{"line":214,"column":50},"end":{"line":225,"column":10}},"82":{"start":{"line":217,"column":12},"end":{"line":222,"column":13}},"83":{"start":{"line":218,"column":14},"end":{"line":221,"column":16}},"84":{"start":{"line":223,"column":12},"end":{"line":223,"column":28}},"85":{"start":{"line":227,"column":6},"end":{"line":227,"column":47}},"86":{"start":{"line":228,"column":6},"end":{"line":228,"column":20}},"87":{"start":{"line":230,"column":6},"end":{"line":230,"column":51}},"88":{"start":{"line":235,"column":24},"end":{"line":241,"column":3}},"89":{"start":{"line":238,"column":4},"end":{"line":240,"column":5}},"90":{"start":{"line":239,"column":6},"end":{"line":239,"column":26}},"91":{"start":{"line":243,"column":2},"end":{"line":354,"column":4}},"92":{"start":{"line":285,"column":50},"end":{"line":285,"column":60}},"93":{"start":{"line":289,"column":14},"end":{"line":290,"column":null}},"94":{"start":{"line":292,"column":32},"end":{"line":292,"column":63}},"95":{"start":{"line":294,"column":18},"end":{"line":294,"column":64}},"96":{"start":{"line":301,"column":20},"end":{"line":301,"column":60}},"97":{"start":{"line":305,"column":63},"end":{"line":305,"column":74}},"98":{"start":{"line":309,"column":22},"end":{"line":310,"column":null}},"99":{"start":{"line":314,"column":26},"end":{"line":318,"column":null}},"100":{"start":{"line":322,"column":26},"end":{"line":322,"column":71}},"101":{"start":{"line":330,"column":33},"end":{"line":330,"column":62}},"102":{"start":{"line":357,"column":0},"end":{"line":357,"column":35}}},"fnMap":{"0":{"name":"(anonymous_1)","decl":{"start":{"line":24,"column":32},"end":{"line":24,"column":33}},"loc":{"start":{"line":24,"column":63},"end":{"line":27,"column":1}}},"1":{"name":"(anonymous_2)","decl":{"start":{"line":29,"column":38},"end":{"line":29,"column":41}},"loc":{"start":{"line":29,"column":43},"end":{"line":355,"column":1}}},"2":{"name":"(anonymous_3)","decl":{"start":{"line":51,"column":28},"end":{"line":51,"column":null}},"loc":{"start":{"line":53,"column":6},"end":{"line":56,"column":3}}},"3":{"name":"(anonymous_4)","decl":{"start":{"line":55,"column":12},"end":{"line":55,"column":13}},"loc":{"start":{"line":55,"column":27},"end":{"line":55,"column":57}}},"4":{"name":"(anonymous_5)","decl":{"start":{"line":58,"column":27},"end":{"line":58,"column":30}},"loc":{"start":{"line":58,"column":32},"end":{"line":68,"column":3}}},"5":{"name":"(anonymous_6)","decl":{"start":{"line":64,"column":12},"end":{"line":64,"column":13}},"loc":{"start":{"line":64,"column":27},"end":{"line":67,"column":6}}},"6":{"name":"(anonymous_7)","decl":{"start":{"line":70,"column":30},"end":{"line":70,"column":31}},"loc":{"start":{"line":70,"column":52},"end":{"line":75,"column":3}}},"7":{"name":"(anonymous_8)","decl":{"start":{"line":71,"column":12},"end":{"line":71,"column":13}},"loc":{"start":{"line":71,"column":27},"end":{"line":74,"column":6}}},"8":{"name":"(anonymous_9)","decl":{"start":{"line":73,"column":41},"end":{"line":73,"column":42}},"loc":{"start":{"line":73,"column":54},"end":{"line":73,"column":78}}},"9":{"name":"(anonymous_10)","decl":{"start":{"line":77,"column":35},"end":{"line":77,"column":36}},"loc":{"start":{"line":77,"column":75},"end":{"line":84,"column":3}}},"10":{"name":"(anonymous_11)","decl":{"start":{"line":78,"column":12},"end":{"line":78,"column":13}},"loc":{"start":{"line":78,"column":27},"end":{"line":83,"column":6}}},"11":{"name":"(anonymous_12)","decl":{"start":{"line":80,"column":38},"end":{"line":80,"column":39}},"loc":{"start":{"line":81,"column":8},"end":{"line":81,"column":76}}},"12":{"name":"(anonymous_13)","decl":{"start":{"line":86,"column":28},"end":{"line":86,"column":29}},"loc":{"start":{"line":86,"column":50},"end":{"line":101,"column":3}}},"13":{"name":"(anonymous_14)","decl":{"start":{"line":93,"column":12},"end":{"line":93,"column":13}},"loc":{"start":{"line":93,"column":27},"end":{"line":100,"column":6}}},"14":{"name":"(anonymous_15)","decl":{"start":{"line":95,"column":38},"end":{"line":95,"column":39}},"loc":{"start":{"line":96,"column":8},"end":{"line":98,"column":19}}},"15":{"name":"(anonymous_16)","decl":{"start":{"line":103,"column":31},"end":{"line":103,"column":32}},"loc":{"start":{"line":103,"column":73},"end":{"line":115,"column":3}}},"16":{"name":"(anonymous_17)","decl":{"start":{"line":104,"column":12},"end":{"line":104,"column":13}},"loc":{"start":{"line":104,"column":27},"end":{"line":114,"column":6}}},"17":{"name":"(anonymous_18)","decl":{"start":{"line":106,"column":38},"end":{"line":106,"column":39}},"loc":{"start":{"line":107,"column":8},"end":{"line":112,"column":19}}},"18":{"name":"(anonymous_19)","decl":{"start":{"line":110,"column":50},"end":{"line":110,"column":51}},"loc":{"start":{"line":110,"column":57},"end":{"line":110,"column":76}}},"19":{"name":"(anonymous_20)","decl":{"start":{"line":117,"column":31},"end":{"line":117,"column":null}},"loc":{"start":{"line":122,"column":6},"end":{"line":138,"column":3}}},"20":{"name":"(anonymous_21)","decl":{"start":{"line":123,"column":12},"end":{"line":123,"column":13}},"loc":{"start":{"line":123,"column":27},"end":{"line":137,"column":6}}},"21":{"name":"(anonymous_22)","decl":{"start":{"line":125,"column":38},"end":{"line":125,"column":39}},"loc":{"start":{"line":126,"column":8},"end":{"line":135,"column":19}}},"22":{"name":"(anonymous_23)","decl":{"start":{"line":129,"column":47},"end":{"line":129,"column":48}},"loc":{"start":{"line":130,"column":16},"end":{"line":132,"column":28}}},"23":{"name":"(anonymous_24)","decl":{"start":{"line":140,"column":24},"end":{"line":140,"column":25}},"loc":{"start":{"line":140,"column":39},"end":{"line":158,"column":3}}},"24":{"name":"(anonymous_25)","decl":{"start":{"line":144,"column":14},"end":{"line":144,"column":15}},"loc":{"start":{"line":144,"column":27},"end":{"line":156,"column":7}}},"25":{"name":"(anonymous_26)","decl":{"start":{"line":146,"column":10},"end":{"line":146,"column":11}},"loc":{"start":{"line":146,"column":23},"end":{"line":146,"column":47}}},"26":{"name":"(anonymous_27)","decl":{"start":{"line":149,"column":10},"end":{"line":149,"column":11}},"loc":{"start":{"line":149,"column":23},"end":{"line":149,"column":45}}},"27":{"name":"(anonymous_28)","decl":{"start":{"line":160,"column":32},"end":{"line":160,"column":33}},"loc":{"start":{"line":160,"column":66},"end":{"line":191,"column":3}}},"28":{"name":"(anonymous_29)","decl":{"start":{"line":164,"column":14},"end":{"line":164,"column":15}},"loc":{"start":{"line":164,"column":27},"end":{"line":189,"column":7}}},"29":{"name":"(anonymous_30)","decl":{"start":{"line":166,"column":10},"end":{"line":166,"column":11}},"loc":{"start":{"line":166,"column":23},"end":{"line":166,"column":47}}},"30":{"name":"(anonymous_31)","decl":{"start":{"line":169,"column":10},"end":{"line":169,"column":11}},"loc":{"start":{"line":169,"column":24},"end":{"line":169,"column":49}}},"31":{"name":"(anonymous_32)","decl":{"start":{"line":172,"column":10},"end":{"line":172,"column":11}},"loc":{"start":{"line":172,"column":24},"end":{"line":172,"column":47}}},"32":{"name":"(anonymous_33)","decl":{"start":{"line":193,"column":23},"end":{"line":193,"column":28}},"loc":{"start":{"line":193,"column":52},"end":{"line":233,"column":3}}},"33":{"name":"(anonymous_34)","decl":{"start":{"line":214,"column":36},"end":{"line":214,"column":37}},"loc":{"start":{"line":214,"column":50},"end":{"line":225,"column":10}}},"34":{"name":"(anonymous_35)","decl":{"start":{"line":216,"column":43},"end":{"line":216,"column":44}},"loc":{"start":{"line":216,"column":56},"end":{"line":224,"column":11}}},"35":{"name":"(anonymous_36)","decl":{"start":{"line":235,"column":24},"end":{"line":235,"column":null}},"loc":{"start":{"line":237,"column":6},"end":{"line":241,"column":3}}},"36":{"name":"(anonymous_37)","decl":{"start":{"line":285,"column":37},"end":{"line":285,"column":38}},"loc":{"start":{"line":285,"column":50},"end":{"line":285,"column":60}}},"37":{"name":"(anonymous_38)","decl":{"start":{"line":288,"column":31},"end":{"line":288,"column":32}},"loc":{"start":{"line":289,"column":14},"end":{"line":290,"column":null}}},"38":{"name":"(anonymous_39)","decl":{"start":{"line":292,"column":26},"end":{"line":292,"column":29}},"loc":{"start":{"line":292,"column":32},"end":{"line":292,"column":63}}},"39":{"name":"(anonymous_40)","decl":{"start":{"line":293,"column":31},"end":{"line":293,"column":32}},"loc":{"start":{"line":294,"column":18},"end":{"line":294,"column":64}}},"40":{"name":"(anonymous_41)","decl":{"start":{"line":300,"column":29},"end":{"line":300,"column":30}},"loc":{"start":{"line":301,"column":20},"end":{"line":301,"column":60}}},"41":{"name":"(anonymous_42)","decl":{"start":{"line":305,"column":49},"end":{"line":305,"column":50}},"loc":{"start":{"line":305,"column":63},"end":{"line":305,"column":74}}},"42":{"name":"(anonymous_43)","decl":{"start":{"line":308,"column":43},"end":{"line":308,"column":44}},"loc":{"start":{"line":309,"column":22},"end":{"line":310,"column":null}}},"43":{"name":"(anonymous_44)","decl":{"start":{"line":313,"column":42},"end":{"line":313,"column":43}},"loc":{"start":{"line":314,"column":26},"end":{"line":318,"column":null}}},"44":{"name":"(anonymous_45)","decl":{"start":{"line":321,"column":34},"end":{"line":321,"column":37}},"loc":{"start":{"line":322,"column":26},"end":{"line":322,"column":71}}},"45":{"name":"(anonymous_46)","decl":{"start":{"line":330,"column":27},"end":{"line":330,"column":30}},"loc":{"start":{"line":330,"column":33},"end":{"line":330,"column":62}}}},"branchMap":{"0":{"loc":{"start":{"line":81,"column":8},"end":{"line":81,"column":76}},"type":"cond-expr","locations":[{"start":{"line":81,"column":35},"end":{"line":81,"column":66}},{"start":{"line":81,"column":69},"end":{"line":81,"column":76}}]},"1":{"loc":{"start":{"line":96,"column":8},"end":{"line":98,"column":19}},"type":"cond-expr","locations":[{"start":{"line":97,"column":12},"end":{"line":97,"column":74}},{"start":{"line":98,"column":12},"end":{"line":98,"column":19}}]},"2":{"loc":{"start":{"line":107,"column":8},"end":{"line":112,"column":19}},"type":"cond-expr","locations":[{"start":{"line":108,"column":12},"end":{"line":111,"column":null}},{"start":{"line":112,"column":12},"end":{"line":112,"column":19}}]},"3":{"loc":{"start":{"line":126,"column":8},"end":{"line":135,"column":19}},"type":"cond-expr","locations":[{"start":{"line":127,"column":12},"end":{"line":134,"column":null}},{"start":{"line":135,"column":12},"end":{"line":135,"column":19}}]},"4":{"loc":{"start":{"line":130,"column":16},"end":{"line":132,"column":28}},"type":"cond-expr","locations":[{"start":{"line":131,"column":20},"end":{"line":131,"column":51}},{"start":{"line":132,"column":20},"end":{"line":132,"column":28}}]},"5":{"loc":{"start":{"line":143,"column":4},"end":{"line":157,"column":5}},"type":"if","locations":[{"start":{"line":143,"column":4},"end":{"line":157,"column":5}}]},"6":{"loc":{"start":{"line":163,"column":4},"end":{"line":190,"column":5}},"type":"if","locations":[{"start":{"line":163,"column":4},"end":{"line":190,"column":5}}]},"7":{"loc":{"start":{"line":201,"column":4},"end":{"line":204,"column":5}},"type":"if","locations":[{"start":{"line":201,"column":4},"end":{"line":204,"column":5}}]},"8":{"loc":{"start":{"line":206,"column":4},"end":{"line":209,"column":5}},"type":"if","locations":[{"start":{"line":206,"column":4},"end":{"line":209,"column":5}}]},"9":{"loc":{"start":{"line":217,"column":12},"end":{"line":222,"column":13}},"type":"if","locations":[{"start":{"line":217,"column":12},"end":{"line":222,"column":13}}]},"10":{"loc":{"start":{"line":238,"column":4},"end":{"line":240,"column":5}},"type":"if","locations":[{"start":{"line":238,"column":4},"end":{"line":240,"column":5}}]},"11":{"loc":{"start":{"line":260,"column":11},"end":{"line":260,"column":69}},"type":"binary-expr","locations":[{"start":{"line":260,"column":11},"end":{"line":260,"column":21}},{"start":{"line":260,"column":25},"end":{"line":260,"column":69}}]},"12":{"loc":{"start":{"line":275,"column":11},"end":{"line":276,"column":null}},"type":"binary-expr","locations":[{"start":{"line":275,"column":11},"end":{"line":275,"column":27}},{"start":{"line":276,"column":12},"end":{"line":276,"column":62}}]}},"s":{"0":1,"1":1,"2":1,"3":1,"4":1,"5":1,"6":1,"7":1,"8":0,"9":0,"10":1,"11":27,"12":27,"13":27,"14":27,"15":27,"16":27,"17":8,"18":8,"19":8,"20":27,"21":5,"22":5,"23":5,"24":27,"25":0,"26":0,"27":0,"28":27,"29":0,"30":0,"31":0,"32":27,"33":3,"34":3,"35":3,"36":3,"37":27,"38":0,"39":0,"40":0,"41":0,"42":27,"43":0,"44":0,"45":0,"46":0,"47":27,"48":0,"49":0,"50":0,"51":0,"52":0,"53":0,"54":0,"55":0,"56":27,"57":0,"58":0,"59":0,"60":0,"61":0,"62":0,"63":0,"64":0,"65":0,"66":0,"67":0,"68":0,"69":27,"70":5,"71":5,"72":5,"73":5,"74":1,"75":1,"76":4,"77":1,"78":1,"79":3,"80":3,"81":2,"82":1,"83":0,"84":1,"85":3,"86":3,"87":0,"88":27,"89":0,"90":0,"91":27,"92":10,"93":10,"94":0,"95":0,"96":0,"97":5,"98":5,"99":0,"100":0,"101":3,"102":1},"f":{"0":0,"1":27,"2":8,"3":8,"4":5,"5":5,"6":0,"7":0,"8":0,"9":0,"10":0,"11":0,"12":3,"13":3,"14":3,"15":0,"16":0,"17":0,"18":0,"19":0,"20":0,"21":0,"22":0,"23":0,"24":0,"25":0,"26":0,"27":0,"28":0,"29":0,"30":0,"31":0,"32":5,"33":2,"34":1,"35":0,"36":10,"37":10,"38":0,"39":0,"40":0,"41":5,"42":5,"43":0,"44":0,"45":3},"b":{"0":[0,0],"1":[3,0],"2":[0,0],"3":[0,0],"4":[0,0],"5":[0],"6":[0],"7":[1],"8":[1],"9":[0],"10":[0],"11":[27,1],"12":[27,1]}}
,"C:\\Users\\allan\\clinicos-admin\\src\\components\\SortableQuestion.tsx": {"path":"C:\\Users\\allan\\clinicos-admin\\src\\components\\SortableQuestion.tsx","statementMap":{"0":{"start":{"line":1,"column":0},"end":{"line":1,"column":48}},"1":{"start":{"line":2,"column":0},"end":{"line":2,"column":41}},"2":{"start":{"line":3,"column":0},"end":{"line":3,"column":59}},"3":{"start":{"line":14,"column":42},"end":{"line":244,"column":1}},"4":{"start":{"line":21,"column":4},"end":{"line":21,"column":36}},"5":{"start":{"line":23,"column":42},"end":{"line":23,"column":64}},"6":{"start":{"line":24,"column":46},"end":{"line":24,"column":66}},"7":{"start":{"line":25,"column":26},"end":{"line":25,"column":65}},"8":{"start":{"line":27,"column":2},"end":{"line":38,"column":39}},"9":{"start":{"line":28,"column":4},"end":{"line":37,"column":5}},"10":{"start":{"line":29,"column":6},"end":{"line":36,"column":7}},"11":{"start":{"line":30,"column":30},"end":{"line":30,"column":57}},"12":{"start":{"line":31,"column":8},"end":{"line":31,"column":53}},"13":{"start":{"line":32,"column":8},"end":{"line":32,"column":56}},"14":{"start":{"line":34,"column":8},"end":{"line":34,"column":28}},"15":{"start":{"line":35,"column":8},"end":{"line":35,"column":30}},"16":{"start":{"line":40,"column":16},"end":{"line":43,"column":4}},"17":{"start":{"line":45,"column":37},"end":{"line":53,"column":3}},"18":{"start":{"line":49,"column":4},"end":{"line":52,"column":6}},"19":{"start":{"line":55,"column":29},"end":{"line":60,"column":3}},"20":{"start":{"line":56,"column":23},"end":{"line":56,"column":40}},"21":{"start":{"line":57,"column":4},"end":{"line":57,"column":30}},"22":{"start":{"line":58,"column":4},"end":{"line":58,"column":32}},"23":{"start":{"line":59,"column":4},"end":{"line":59,"column":59}},"24":{"start":{"line":62,"column":32},"end":{"line":65,"column":3}},"25":{"start":{"line":63,"column":4},"end":{"line":63,"column":29}},"26":{"start":{"line":64,"column":4},"end":{"line":64,"column":52}},"27":{"start":{"line":67,"column":20},"end":{"line":71,"column":3}},"28":{"start":{"line":68,"column":23},"end":{"line":68,"column":44}},"29":{"start":{"line":69,"column":4},"end":{"line":69,"column":32}},"30":{"start":{"line":70,"column":4},"end":{"line":70,"column":59}},"31":{"start":{"line":73,"column":23},"end":{"line":80,"column":3}},"32":{"start":{"line":74,"column":23},"end":{"line":74,"column":65}},"33":{"start":{"line":74,"column":53},"end":{"line":74,"column":64}},"34":{"start":{"line":76,"column":6},"end":{"line":76,"column":66}},"35":{"start":{"line":77,"column":4},"end":{"line":77,"column":32}},"36":{"start":{"line":78,"column":4},"end":{"line":78,"column":35}},"37":{"start":{"line":79,"column":4},"end":{"line":79,"column":56}},"38":{"start":{"line":82,"column":29},"end":{"line":91,"column":3}},"39":{"start":{"line":83,"column":4},"end":{"line":85,"column":5}},"40":{"start":{"line":84,"column":6},"end":{"line":84,"column":16}},"41":{"start":{"line":86,"column":17},"end":{"line":86,"column":37}},"42":{"start":{"line":87,"column":4},"end":{"line":89,"column":5}},"43":{"start":{"line":88,"column":6},"end":{"line":88,"column":16}},"44":{"start":{"line":90,"column":4},"end":{"line":90,"column":43}},"45":{"start":{"line":93,"column":31},"end":{"line":102,"column":3}},"46":{"start":{"line":94,"column":4},"end":{"line":96,"column":5}},"47":{"start":{"line":95,"column":6},"end":{"line":95,"column":32}},"48":{"start":{"line":97,"column":17},"end":{"line":97,"column":37}},"49":{"start":{"line":98,"column":4},"end":{"line":100,"column":5}},"50":{"start":{"line":99,"column":6},"end":{"line":99,"column":28}},"51":{"start":{"line":101,"column":4},"end":{"line":101,"column":33}},"52":{"start":{"line":104,"column":24},"end":{"line":110,"column":3}},"53":{"start":{"line":107,"column":4},"end":{"line":109,"column":5}},"54":{"start":{"line":108,"column":6},"end":{"line":108,"column":26}},"55":{"start":{"line":112,"column":30},"end":{"line":198,"column":3}},"56":{"start":{"line":113,"column":4},"end":{"line":197,"column":5}},"57":{"start":{"line":115,"column":8},"end":{"line":125,"column":10}},"58":{"start":{"line":119,"column":29},"end":{"line":119,"column":71}},"59":{"start":{"line":127,"column":8},"end":{"line":137,"column":10}},"60":{"start":{"line":130,"column":29},"end":{"line":130,"column":71}},"61":{"start":{"line":139,"column":8},"end":{"line":183,"column":10}},"62":{"start":{"line":142,"column":14},"end":{"line":142,"column":42}},"63":{"start":{"line":146,"column":34},"end":{"line":146,"column":63}},"64":{"start":{"line":154,"column":35},"end":{"line":154,"column":76}},"65":{"start":{"line":159,"column":20},"end":{"line":159,"column":56}},"66":{"start":{"line":165,"column":35},"end":{"line":165,"column":54}},"67":{"start":{"line":185,"column":8},"end":{"line":194,"column":10}},"68":{"start":{"line":191,"column":29},"end":{"line":191,"column":71}},"69":{"start":{"line":196,"column":8},"end":{"line":196,"column":20}},"70":{"start":{"line":200,"column":2},"end":{"line":243,"column":4}},"71":{"start":{"line":215,"column":27},"end":{"line":215,"column":67}},"72":{"start":{"line":223,"column":27},"end":{"line":223,"column":67}},"73":{"start":{"line":246,"column":0},"end":{"line":246,"column":32}}},"fnMap":{"0":{"name":"(anonymous_0)","decl":{"start":{"line":14,"column":42},"end":{"line":14,"column":43}},"loc":{"start":{"line":19,"column":5},"end":{"line":244,"column":1}}},"1":{"name":"(anonymous_1)","decl":{"start":{"line":27,"column":12},"end":{"line":27,"column":15}},"loc":{"start":{"line":27,"column":17},"end":{"line":38,"column":3}}},"2":{"name":"(anonymous_2)","decl":{"start":{"line":45,"column":37},"end":{"line":45,"column":null}},"loc":{"start":{"line":48,"column":6},"end":{"line":53,"column":3}}},"3":{"name":"(anonymous_3)","decl":{"start":{"line":55,"column":29},"end":{"line":55,"column":30}},"loc":{"start":{"line":55,"column":62},"end":{"line":60,"column":3}}},"4":{"name":"(anonymous_4)","decl":{"start":{"line":62,"column":32},"end":{"line":62,"column":33}},"loc":{"start":{"line":62,"column":50},"end":{"line":65,"column":3}}},"5":{"name":"(anonymous_5)","decl":{"start":{"line":67,"column":20},"end":{"line":67,"column":23}},"loc":{"start":{"line":67,"column":25},"end":{"line":71,"column":3}}},"6":{"name":"(anonymous_6)","decl":{"start":{"line":73,"column":23},"end":{"line":73,"column":24}},"loc":{"start":{"line":73,"column":41},"end":{"line":80,"column":3}}},"7":{"name":"(anonymous_7)","decl":{"start":{"line":74,"column":43},"end":{"line":74,"column":44}},"loc":{"start":{"line":74,"column":53},"end":{"line":74,"column":64}}},"8":{"name":"(anonymous_8)","decl":{"start":{"line":82,"column":29},"end":{"line":82,"column":30}},"loc":{"start":{"line":82,"column":52},"end":{"line":91,"column":3}}},"9":{"name":"(anonymous_9)","decl":{"start":{"line":93,"column":31},"end":{"line":93,"column":32}},"loc":{"start":{"line":93,"column":54},"end":{"line":102,"column":3}}},"10":{"name":"(anonymous_10)","decl":{"start":{"line":104,"column":24},"end":{"line":104,"column":null}},"loc":{"start":{"line":106,"column":6},"end":{"line":110,"column":3}}},"11":{"name":"(anonymous_11)","decl":{"start":{"line":112,"column":30},"end":{"line":112,"column":33}},"loc":{"start":{"line":112,"column":35},"end":{"line":198,"column":3}}},"12":{"name":"(anonymous_12)","decl":{"start":{"line":119,"column":22},"end":{"line":119,"column":23}},"loc":{"start":{"line":119,"column":29},"end":{"line":119,"column":71}}},"13":{"name":"(anonymous_13)","decl":{"start":{"line":130,"column":22},"end":{"line":130,"column":23}},"loc":{"start":{"line":130,"column":29},"end":{"line":130,"column":71}}},"14":{"name":"(anonymous_14)","decl":{"start":{"line":141,"column":30},"end":{"line":141,"column":31}},"loc":{"start":{"line":142,"column":14},"end":{"line":142,"column":42}}},"15":{"name":"(anonymous_15)","decl":{"start":{"line":146,"column":28},"end":{"line":146,"column":31}},"loc":{"start":{"line":146,"column":34},"end":{"line":146,"column":63}}},"16":{"name":"(anonymous_16)","decl":{"start":{"line":154,"column":28},"end":{"line":154,"column":29}},"loc":{"start":{"line":154,"column":35},"end":{"line":154,"column":76}}},"17":{"name":"(anonymous_17)","decl":{"start":{"line":158,"column":23},"end":{"line":158,"column":24}},"loc":{"start":{"line":158,"column":30},"end":{"line":160,"column":19}}},"18":{"name":"(anonymous_18)","decl":{"start":{"line":165,"column":29},"end":{"line":165,"column":32}},"loc":{"start":{"line":165,"column":35},"end":{"line":165,"column":54}}},"19":{"name":"(anonymous_19)","decl":{"start":{"line":191,"column":22},"end":{"line":191,"column":23}},"loc":{"start":{"line":191,"column":29},"end":{"line":191,"column":71}}},"20":{"name":"(anonymous_20)","decl":{"start":{"line":215,"column":20},"end":{"line":215,"column":21}},"loc":{"start":{"line":215,"column":27},"end":{"line":215,"column":67}}},"21":{"name":"(anonymous_21)","decl":{"start":{"line":223,"column":20},"end":{"line":223,"column":21}},"loc":{"start":{"line":223,"column":27},"end":{"line":223,"column":67}}}},"branchMap":{"0":{"loc":{"start":{"line":28,"column":4},"end":{"line":37,"column":5}},"type":"if","locations":[{"start":{"line":28,"column":4},"end":{"line":37,"column":5}}]},"1":{"loc":{"start":{"line":31,"column":24},"end":{"line":31,"column":51}},"type":"binary-expr","locations":[{"start":{"line":31,"column":24},"end":{"line":31,"column":45}},{"start":{"line":31,"column":49},"end":{"line":31,"column":51}}]},"2":{"loc":{"start":{"line":32,"column":26},"end":{"line":32,"column":54}},"type":"binary-expr","locations":[{"start":{"line":32,"column":26},"end":{"line":32,"column":48}},{"start":{"line":32,"column":52},"end":{"line":32,"column":54}}]},"3":{"loc":{"start":{"line":76,"column":6},"end":{"line":76,"column":66}},"type":"cond-expr","locations":[{"start":{"line":76,"column":47},"end":{"line":76,"column":49}},{"start":{"line":76,"column":52},"end":{"line":76,"column":66}}]},"4":{"loc":{"start":{"line":83,"column":4},"end":{"line":85,"column":5}},"type":"if","locations":[{"start":{"line":83,"column":4},"end":{"line":85,"column":5}}]},"5":{"loc":{"start":{"line":87,"column":4},"end":{"line":89,"column":5}},"type":"if","locations":[{"start":{"line":87,"column":4},"end":{"line":89,"column":5}}]},"6":{"loc":{"start":{"line":94,"column":4},"end":{"line":96,"column":5}},"type":"if","locations":[{"start":{"line":94,"column":4},"end":{"line":96,"column":5}}]},"7":{"loc":{"start":{"line":98,"column":4},"end":{"line":100,"column":5}},"type":"if","locations":[{"start":{"line":98,"column":4},"end":{"line":100,"column":5}}]},"8":{"loc":{"start":{"line":107,"column":4},"end":{"line":109,"column":5}},"type":"if","locations":[{"start":{"line":107,"column":4},"end":{"line":109,"column":5}}]},"9":{"loc":{"start":{"line":113,"column":4},"end":{"line":197,"column":5}},"type":"switch","locations":[{"start":{"line":114,"column":6},"end":{"line":125,"column":10}},{"start":{"line":126,"column":6},"end":{"line":137,"column":10}},{"start":{"line":138,"column":6},"end":{"line":183,"column":10}},{"start":{"line":184,"column":6},"end":{"line":194,"column":10}},{"start":{"line":195,"column":6},"end":{"line":196,"column":20}}]},"10":{"loc":{"start":{"line":162,"column":17},"end":{"line":169,"column":null}},"type":"binary-expr","locations":[{"start":{"line":162,"column":17},"end":{"line":162,"column":28}},{"start":{"line":163,"column":18},"end":{"line":166,"column":null}}]},"11":{"loc":{"start":{"line":173,"column":13},"end":{"line":180,"column":null}},"type":"binary-expr","locations":[{"start":{"line":173,"column":13},"end":{"line":173,"column":24}},{"start":{"line":174,"column":14},"end":{"line":177,"column":null}}]},"12":{"loc":{"start":{"line":185,"column":15},"end":{"line":193,"column":null}},"type":"cond-expr","locations":[{"start":{"line":186,"column":10},"end":{"line":186,"column":56}},{"start":{"line":188,"column":10},"end":{"line":192,"column":null}}]},"13":{"loc":{"start":{"line":208,"column":7},"end":{"line":218,"column":null}},"type":"cond-expr","locations":[{"start":{"line":209,"column":8},"end":{"line":209,"column":57}},{"start":{"line":211,"column":8},"end":{"line":217,"column":null}}]},"14":{"loc":{"start":{"line":220,"column":7},"end":{"line":230,"column":null}},"type":"binary-expr","locations":[{"start":{"line":220,"column":7},"end":{"line":220,"column":18}},{"start":{"line":221,"column":8},"end":{"line":229,"column":null}}]},"15":{"loc":{"start":{"line":233,"column":7},"end":{"line":240,"column":null}},"type":"binary-expr","locations":[{"start":{"line":233,"column":7},"end":{"line":233,"column":18}},{"start":{"line":234,"column":8},"end":{"line":237,"column":null}}]}},"s":{"0":3,"1":3,"2":3,"3":3,"4":24,"5":24,"6":24,"7":24,"8":24,"9":13,"10":0,"11":0,"12":0,"13":0,"14":0,"15":0,"16":24,"17":24,"18":0,"19":24,"20":0,"21":0,"22":0,"23":0,"24":24,"25":0,"26":0,"27":24,"28":0,"29":0,"30":0,"31":24,"32":0,"33":0,"34":0,"35":0,"36":0,"37":0,"38":24,"39":0,"40":0,"41":0,"42":0,"43":0,"44":0,"45":24,"46":0,"47":0,"48":0,"49":0,"50":0,"51":0,"52":24,"53":0,"54":0,"55":24,"56":24,"57":24,"58":0,"59":0,"60":0,"61":0,"62":0,"63":0,"64":0,"65":0,"66":0,"67":0,"68":0,"69":0,"70":24,"71":0,"72":0,"73":3},"f":{"0":24,"1":13,"2":0,"3":0,"4":0,"5":0,"6":0,"7":0,"8":0,"9":0,"10":0,"11":24,"12":0,"13":0,"14":0,"15":0,"16":0,"17":0,"18":0,"19":0,"20":0,"21":0},"b":{"0":[0],"1":[0,0],"2":[0,0],"3":[0,0],"4":[0],"5":[0],"6":[0],"7":[0],"8":[0],"9":[24,0,0,0,0],"10":[0,0],"11":[0,0],"12":[0,0],"13":[1,23],"14":[24,23],"15":[24,23]}}
,"C:\\Users\\allan\\clinicos-admin\\src\\components\\SortableSection.tsx": {"path":"C:\\Users\\allan\\clinicos-admin\\src\\components\\SortableSection.tsx","statementMap":{"0":{"start":{"line":1,"column":0},"end":{"line":1,"column":48}},"1":{"start":{"line":2,"column":0},"end":{"line":2,"column":41}},"2":{"start":{"line":15,"column":41},"end":{"line":68,"column":1}},"3":{"start":{"line":23,"column":4},"end":{"line":23,"column":35}},"4":{"start":{"line":25,"column":16},"end":{"line":28,"column":4}},"5":{"start":{"line":30,"column":24},"end":{"line":34,"column":3}},"6":{"start":{"line":31,"column":4},"end":{"line":33,"column":5}},"7":{"start":{"line":32,"column":6},"end":{"line":32,"column":26}},"8":{"start":{"line":36,"column":2},"end":{"line":67,"column":4}},"9":{"start":{"line":51,"column":27},"end":{"line":51,"column":58}},"10":{"start":{"line":70,"column":0},"end":{"line":70,"column":31}}},"fnMap":{"0":{"name":"(anonymous_0)","decl":{"start":{"line":15,"column":41},"end":{"line":15,"column":42}},"loc":{"start":{"line":21,"column":5},"end":{"line":68,"column":1}}},"1":{"name":"(anonymous_1)","decl":{"start":{"line":30,"column":24},"end":{"line":30,"column":25}},"loc":{"start":{"line":30,"column":69},"end":{"line":34,"column":3}}},"2":{"name":"(anonymous_2)","decl":{"start":{"line":51,"column":20},"end":{"line":51,"column":21}},"loc":{"start":{"line":51,"column":27},"end":{"line":51,"column":58}}}},"branchMap":{"0":{"loc":{"start":{"line":20,"column":2},"end":{"line":20,"column":20}},"type":"default-arg","locations":[{"start":{"line":20,"column":15},"end":{"line":20,"column":20}}]},"1":{"loc":{"start":{"line":31,"column":4},"end":{"line":33,"column":5}},"type":"if","locations":[{"start":{"line":31,"column":4},"end":{"line":33,"column":5}}]},"2":{"loc":{"start":{"line":44,"column":7},"end":{"line":54,"column":null}},"type":"cond-expr","locations":[{"start":{"line":45,"column":8},"end":{"line":45,"column":67}},{"start":{"line":47,"column":8},"end":{"line":53,"column":null}}]},"3":{"loc":{"start":{"line":57,"column":7},"end":{"line":64,"column":null}},"type":"binary-expr","locations":[{"start":{"line":57,"column":7},"end":{"line":57,"column":18}},{"start":{"line":57,"column":22},"end":{"line":57,"column":30}},{"start":{"line":58,"column":8},"end":{"line":61,"column":null}}]}},"s":{"0":3,"1":3,"2":3,"3":32,"4":32,"5":32,"6":0,"7":0,"8":32,"9":0,"10":3},"f":{"0":32,"1":0,"2":0},"b":{"0":[31],"1":[0],"2":[1,31],"3":[32,31,31]}}
,"C:\\Users\\allan\\clinicos-admin\\src\\pages\\AnamnesisFormDetail.tsx": {"path":"C:\\Users\\allan\\clinicos-admin\\src\\pages\\AnamnesisFormDetail.tsx","statementMap":{"0":{"start":{"line":2,"column":0},"end":{"line":2,"column":null}},"1":{"start":{"line":11,"column":0},"end":{"line":11,"column":null}},"2":{"start":{"line":17,"column":0},"end":{"line":17,"column":51}},"3":{"start":{"line":18,"column":0},"end":{"line":18,"column":45}},"4":{"start":{"line":20,"column":0},"end":{"line":20,"column":62}},"5":{"start":{"line":21,"column":0},"end":{"line":21,"column":60}},"6":{"start":{"line":22,"column":0},"end":{"line":22,"column":null}},"7":{"start":{"line":28,"column":38},"end":{"line":168,"column":1}},"8":{"start":{"line":29,"column":17},"end":{"line":29,"column":44}},"9":{"start":{"line":30,"column":26},"end":{"line":30,"column":62}},"10":{"start":{"line":31,"column":36},"end":{"line":31,"column":50}},"11":{"start":{"line":32,"column":28},"end":{"line":32,"column":57}},"12":{"start":{"line":34,"column":18},"end":{"line":43,"column":null}},"13":{"start":{"line":46,"column":2},"end":{"line":54,"column":11}},"14":{"start":{"line":47,"column":4},"end":{"line":53,"column":5}},"15":{"start":{"line":48,"column":6},"end":{"line":48,"column":25}},"16":{"start":{"line":49,"column":6},"end":{"line":52,"column":44}},"17":{"start":{"line":51,"column":24},"end":{"line":51,"column":45}},"18":{"start":{"line":52,"column":23},"end":{"line":52,"column":42}},"19":{"start":{"line":56,"column":24},"end":{"line":81,"column":3}},"20":{"start":{"line":57,"column":29},"end":{"line":57,"column":34}},"21":{"start":{"line":59,"column":4},"end":{"line":80,"column":5}},"22":{"start":{"line":60,"column":6},"end":{"line":79,"column":9}},"23":{"start":{"line":61,"column":8},"end":{"line":61,"column":35}},"24":{"start":{"line":61,"column":23},"end":{"line":61,"column":35}},"25":{"start":{"line":63,"column":25},"end":{"line":64,"column":null}},"26":{"start":{"line":64,"column":23},"end":{"line":64,"column":47}},"27":{"start":{"line":66,"column":25},"end":{"line":67,"column":null}},"28":{"start":{"line":67,"column":23},"end":{"line":67,"column":45}},"29":{"start":{"line":70,"column":24},"end":{"line":73,"column":10}},"30":{"start":{"line":76,"column":8},"end":{"line":76,"column":37}},"31":{"start":{"line":78,"column":8},"end":{"line":78,"column":23}},"32":{"start":{"line":83,"column":32},"end":{"line":121,"column":3}},"33":{"start":{"line":84,"column":29},"end":{"line":84,"column":34}},"34":{"start":{"line":86,"column":4},"end":{"line":120,"column":5}},"35":{"start":{"line":87,"column":6},"end":{"line":119,"column":9}},"36":{"start":{"line":88,"column":8},"end":{"line":88,"column":35}},"37":{"start":{"line":88,"column":23},"end":{"line":88,"column":35}},"38":{"start":{"line":90,"column":29},"end":{"line":91,"column":null}},"39":{"start":{"line":91,"column":23},"end":{"line":91,"column":47}},"40":{"start":{"line":93,"column":25},"end":{"line":94,"column":null}},"41":{"start":{"line":94,"column":24},"end":{"line":94,"column":49}},"42":{"start":{"line":96,"column":25},"end":{"line":97,"column":null}},"43":{"start":{"line":97,"column":24},"end":{"line":97,"column":47}},"44":{"start":{"line":100,"column":28},"end":{"line":100,"column":50}},"45":{"start":{"line":101,"column":8},"end":{"line":108,"column":10}},"46":{"start":{"line":110,"column":24},"end":{"line":113,"column":10}},"47":{"start":{"line":116,"column":8},"end":{"line":116,"column":37}},"48":{"start":{"line":118,"column":8},"end":{"line":118,"column":23}},"49":{"start":{"line":123,"column":2},"end":{"line":123,"column":46}},"50":{"start":{"line":123,"column":17},"end":{"line":123,"column":46}},"51":{"start":{"line":124,"column":2},"end":{"line":124,"column":46}},"52":{"start":{"line":124,"column":13},"end":{"line":124,"column":46}},"53":{"start":{"line":125,"column":2},"end":{"line":125,"column":45}},"54":{"start":{"line":125,"column":13},"end":{"line":125,"column":45}},"55":{"start":{"line":127,"column":2},"end":{"line":167,"column":4}},"56":{"start":{"line":137,"column":48},"end":{"line":137,"column":58}},"57":{"start":{"line":141,"column":12},"end":{"line":141,"column":46}},"58":{"start":{"line":145,"column":38},"end":{"line":145,"column":78}},"59":{"start":{"line":148,"column":61},"end":{"line":148,"column":72}},"60":{"start":{"line":152,"column":20},"end":{"line":153,"column":null}},"61":{"start":{"line":170,"column":0},"end":{"line":170,"column":35}}},"fnMap":{"0":{"name":"(anonymous_1)","decl":{"start":{"line":28,"column":38},"end":{"line":28,"column":41}},"loc":{"start":{"line":28,"column":43},"end":{"line":168,"column":1}}},"1":{"name":"(anonymous_2)","decl":{"start":{"line":46,"column":12},"end":{"line":46,"column":15}},"loc":{"start":{"line":46,"column":17},"end":{"line":54,"column":3}}},"2":{"name":"(anonymous_3)","decl":{"start":{"line":51,"column":15},"end":{"line":51,"column":16}},"loc":{"start":{"line":51,"column":24},"end":{"line":51,"column":45}}},"3":{"name":"(anonymous_4)","decl":{"start":{"line":52,"column":17},"end":{"line":52,"column":20}},"loc":{"start":{"line":52,"column":23},"end":{"line":52,"column":42}}},"4":{"name":"(anonymous_5)","decl":{"start":{"line":56,"column":24},"end":{"line":56,"column":25}},"loc":{"start":{"line":56,"column":48},"end":{"line":81,"column":3}}},"5":{"name":"(anonymous_6)","decl":{"start":{"line":60,"column":14},"end":{"line":60,"column":15}},"loc":{"start":{"line":60,"column":27},"end":{"line":79,"column":7}}},"6":{"name":"(anonymous_7)","decl":{"start":{"line":64,"column":10},"end":{"line":64,"column":11}},"loc":{"start":{"line":64,"column":23},"end":{"line":64,"column":47}}},"7":{"name":"(anonymous_8)","decl":{"start":{"line":67,"column":10},"end":{"line":67,"column":11}},"loc":{"start":{"line":67,"column":23},"end":{"line":67,"column":45}}},"8":{"name":"(anonymous_9)","decl":{"start":{"line":83,"column":32},"end":{"line":83,"column":33}},"loc":{"start":{"line":83,"column":75},"end":{"line":121,"column":3}}},"9":{"name":"(anonymous_10)","decl":{"start":{"line":87,"column":14},"end":{"line":87,"column":15}},"loc":{"start":{"line":87,"column":27},"end":{"line":119,"column":7}}},"10":{"name":"(anonymous_11)","decl":{"start":{"line":91,"column":10},"end":{"line":91,"column":11}},"loc":{"start":{"line":91,"column":23},"end":{"line":91,"column":47}}},"11":{"name":"(anonymous_12)","decl":{"start":{"line":94,"column":10},"end":{"line":94,"column":11}},"loc":{"start":{"line":94,"column":24},"end":{"line":94,"column":49}}},"12":{"name":"(anonymous_13)","decl":{"start":{"line":97,"column":10},"end":{"line":97,"column":11}},"loc":{"start":{"line":97,"column":24},"end":{"line":97,"column":47}}},"13":{"name":"(anonymous_14)","decl":{"start":{"line":137,"column":35},"end":{"line":137,"column":36}},"loc":{"start":{"line":137,"column":48},"end":{"line":137,"column":58}}},"14":{"name":"(anonymous_15)","decl":{"start":{"line":140,"column":29},"end":{"line":140,"column":30}},"loc":{"start":{"line":141,"column":12},"end":{"line":141,"column":46}}},"15":{"name":"(anonymous_16)","decl":{"start":{"line":145,"column":27},"end":{"line":145,"column":28}},"loc":{"start":{"line":145,"column":38},"end":{"line":145,"column":78}}},"16":{"name":"(anonymous_17)","decl":{"start":{"line":148,"column":47},"end":{"line":148,"column":48}},"loc":{"start":{"line":148,"column":61},"end":{"line":148,"column":72}}},"17":{"name":"(anonymous_18)","decl":{"start":{"line":151,"column":41},"end":{"line":151,"column":42}},"loc":{"start":{"line":152,"column":20},"end":{"line":153,"column":null}}},"18":{"name":"(anonymous_19)","decl":{"start":{"line":156,"column":40},"end":{"line":156,"column":43}},"loc":{"start":{"line":156,"column":45},"end":{"line":156,"column":48}}},"19":{"name":"(anonymous_20)","decl":{"start":{"line":157,"column":32},"end":{"line":157,"column":35}},"loc":{"start":{"line":157,"column":37},"end":{"line":157,"column":40}}}},"branchMap":{"0":{"loc":{"start":{"line":47,"column":4},"end":{"line":53,"column":5}},"type":"if","locations":[{"start":{"line":47,"column":4},"end":{"line":53,"column":5}}]},"1":{"loc":{"start":{"line":59,"column":4},"end":{"line":80,"column":5}},"type":"if","locations":[{"start":{"line":59,"column":4},"end":{"line":80,"column":5}}]},"2":{"loc":{"start":{"line":59,"column":8},"end":{"line":59,"column":45}},"type":"binary-expr","locations":[{"start":{"line":59,"column":8},"end":{"line":59,"column":12}},{"start":{"line":59,"column":16},"end":{"line":59,"column":37}},{"start":{"line":59,"column":41},"end":{"line":59,"column":45}}]},"3":{"loc":{"start":{"line":61,"column":8},"end":{"line":61,"column":35}},"type":"if","locations":[{"start":{"line":61,"column":8},"end":{"line":61,"column":35}}]},"4":{"loc":{"start":{"line":86,"column":4},"end":{"line":120,"column":5}},"type":"if","locations":[{"start":{"line":86,"column":4},"end":{"line":120,"column":5}}]},"5":{"loc":{"start":{"line":86,"column":8},"end":{"line":86,"column":45}},"type":"binary-expr","locations":[{"start":{"line":86,"column":8},"end":{"line":86,"column":12}},{"start":{"line":86,"column":16},"end":{"line":86,"column":37}},{"start":{"line":86,"column":41},"end":{"line":86,"column":45}}]},"6":{"loc":{"start":{"line":88,"column":8},"end":{"line":88,"column":35}},"type":"if","locations":[{"start":{"line":88,"column":8},"end":{"line":88,"column":35}}]},"7":{"loc":{"start":{"line":123,"column":2},"end":{"line":123,"column":46}},"type":"if","locations":[{"start":{"line":123,"column":2},"end":{"line":123,"column":46}}]},"8":{"loc":{"start":{"line":124,"column":2},"end":{"line":124,"column":46}},"type":"if","locations":[{"start":{"line":124,"column":2},"end":{"line":124,"column":46}}]},"9":{"loc":{"start":{"line":125,"column":2},"end":{"line":125,"column":45}},"type":"if","locations":[{"start":{"line":125,"column":2},"end":{"line":125,"column":45}}]}},"s":{"0":1,"1":1,"2":1,"3":1,"4":1,"5":1,"6":1,"7":1,"8":7,"9":7,"10":7,"11":7,"12":7,"13":7,"14":4,"15":4,"16":4,"17":1,"18":3,"19":7,"20":0,"21":0,"22":0,"23":0,"24":0,"25":0,"26":0,"27":0,"28":0,"29":0,"30":0,"31":0,"32":7,"33":0,"34":0,"35":0,"36":0,"37":0,"38":0,"39":0,"40":0,"41":0,"42":0,"43":0,"44":0,"45":0,"46":0,"47":0,"48":0,"49":7,"50":4,"51":3,"52":1,"53":2,"54":1,"55":1,"56":1,"57":1,"58":0,"59":1,"60":1,"61":1},"f":{"0":7,"1":4,"2":1,"3":3,"4":0,"5":0,"6":0,"7":0,"8":0,"9":0,"10":0,"11":0,"12":0,"13":1,"14":1,"15":0,"16":1,"17":1,"18":0,"19":0},"b":{"0":[4],"1":[0],"2":[0,0,0],"3":[0],"4":[0],"5":[0,0,0],"6":[0],"7":[4],"8":[1],"9":[1]}}
,"C:\\Users\\allan\\clinicos-admin\\src\\pages\\AnamnesisFormList.tsx": {"path":"C:\\Users\\allan\\clinicos-admin\\src\\pages\\AnamnesisFormList.tsx","statementMap":{"0":{"start":{"line":2,"column":0},"end":{"line":2,"column":null}},"1":{"start":{"line":9,"column":0},"end":{"line":9,"column":64}},"2":{"start":{"line":10,"column":0},"end":{"line":10,"column":47}},"3":{"start":{"line":12,"column":0},"end":{"line":12,"column":null}},"4":{"start":{"line":22,"column":54},"end":{"line":22,"column":58}},"5":{"start":{"line":24,"column":2},"end":{"line":30,"column":4}},"6":{"start":{"line":25,"column":4},"end":{"line":27,"column":5}},"7":{"start":{"line":26,"column":6},"end":{"line":26,"column":28}},"8":{"start":{"line":29,"column":4},"end":{"line":29,"column":61}},"9":{"start":{"line":29,"column":31},"end":{"line":29,"column":53}},"10":{"start":{"line":39,"column":72},"end":{"line":74,"column":1}},"11":{"start":{"line":44,"column":2},"end":{"line":44,"column":27}},"12":{"start":{"line":44,"column":15},"end":{"line":44,"column":27}},"13":{"start":{"line":46,"column":2},"end":{"line":73,"column":4}},"14":{"start":{"line":81,"column":5},"end":{"line":104,"column":null}},"15":{"start":{"line":82,"column":2},"end":{"line":103,"column":null}},"16":{"start":{"line":85,"column":21},"end":{"line":85,"column":44}},"17":{"start":{"line":92,"column":21},"end":{"line":92,"column":44}},"18":{"start":{"line":99,"column":21},"end":{"line":99,"column":46}},"19":{"start":{"line":107,"column":36},"end":{"line":297,"column":1}},"20":{"start":{"line":108,"column":28},"end":{"line":108,"column":57}},"21":{"start":{"line":109,"column":42},"end":{"line":109,"column":54}},"22":{"start":{"line":110,"column":52},"end":{"line":110,"column":67}},"23":{"start":{"line":111,"column":42},"end":{"line":111,"column":71}},"24":{"start":{"line":112,"column":19},"end":{"line":112,"column":32}},"25":{"start":{"line":114,"column":28},"end":{"line":117,"column":3}},"26":{"start":{"line":115,"column":4},"end":{"line":115,"column":24}},"27":{"start":{"line":116,"column":4},"end":{"line":116,"column":31}},"28":{"start":{"line":119,"column":30},"end":{"line":126,"column":3}},"29":{"start":{"line":120,"column":4},"end":{"line":123,"column":5}},"30":{"start":{"line":121,"column":6},"end":{"line":121,"column":46}},"31":{"start":{"line":122,"column":6},"end":{"line":122,"column":65}},"32":{"start":{"line":122,"column":38},"end":{"line":122,"column":62}},"33":{"start":{"line":124,"column":4},"end":{"line":124,"column":32}},"34":{"start":{"line":125,"column":4},"end":{"line":125,"column":26}},"35":{"start":{"line":128,"column":29},"end":{"line":131,"column":3}},"36":{"start":{"line":129,"column":4},"end":{"line":129,"column":32}},"37":{"start":{"line":130,"column":4},"end":{"line":130,"column":26}},"38":{"start":{"line":133,"column":46},"end":{"line":158,"column":4}},"39":{"start":{"line":150,"column":8},"end":{"line":154,"column":null}},"40":{"start":{"line":152,"column":26},"end":{"line":152,"column":60}},"41":{"start":{"line":153,"column":24},"end":{"line":153,"column":65}},"42":{"start":{"line":154,"column":24},"end":{"line":154,"column":60}},"43":{"start":{"line":160,"column":16},"end":{"line":175,"column":4}},"44":{"start":{"line":177,"column":26},"end":{"line":181,"column":null}},"45":{"start":{"line":179,"column":6},"end":{"line":179,"column":50}},"46":{"start":{"line":184,"column":2},"end":{"line":186,"column":38}},"47":{"start":{"line":185,"column":4},"end":{"line":185,"column":34}},"48":{"start":{"line":188,"column":27},"end":{"line":190,"column":3}},"49":{"start":{"line":189,"column":4},"end":{"line":189,"column":29}},"50":{"start":{"line":192,"column":2},"end":{"line":296,"column":4}},"51":{"start":{"line":203,"column":25},"end":{"line":203,"column":56}},"52":{"start":{"line":217,"column":12},"end":{"line":217,"column":null}},"53":{"start":{"line":219,"column":16},"end":{"line":219,"column":36}},"54":{"start":{"line":231,"column":12},"end":{"line":231,"column":null}},"55":{"start":{"line":233,"column":16},"end":{"line":233,"column":34}},"56":{"start":{"line":243,"column":25},"end":{"line":243,"column":46}},"57":{"start":{"line":251,"column":25},"end":{"line":251,"column":45}},"58":{"start":{"line":269,"column":27},"end":{"line":269,"column":74}},"59":{"start":{"line":270,"column":14},"end":{"line":270,"column":39}},"60":{"start":{"line":276,"column":25},"end":{"line":276,"column":41}},"61":{"start":{"line":284,"column":25},"end":{"line":284,"column":69}},"62":{"start":{"line":299,"column":0},"end":{"line":299,"column":33}}},"fnMap":{"0":{"name":"debounce","decl":{"start":{"line":18,"column":9},"end":{"line":18,"column":17}},"loc":{"start":{"line":20,"column":14},"end":{"line":31,"column":1}}},"1":{"name":"(anonymous_1)","decl":{"start":{"line":24,"column":9},"end":{"line":24,"column":47}},"loc":{"start":{"line":24,"column":69},"end":{"line":30,"column":3}}},"2":{"name":"(anonymous_2)","decl":{"start":{"line":29,"column":25},"end":{"line":29,"column":28}},"loc":{"start":{"line":29,"column":31},"end":{"line":29,"column":53}}},"3":{"name":"(anonymous_3)","decl":{"start":{"line":39,"column":72},"end":{"line":39,"column":73}},"loc":{"start":{"line":43,"column":5},"end":{"line":74,"column":1}}},"4":{"name":"(anonymous_4)","decl":{"start":{"line":81,"column":5},"end":{"line":81,"column":6}},"loc":{"start":{"line":82,"column":2},"end":{"line":103,"column":null}}},"5":{"name":"(anonymous_5)","decl":{"start":{"line":85,"column":15},"end":{"line":85,"column":18}},"loc":{"start":{"line":85,"column":21},"end":{"line":85,"column":44}}},"6":{"name":"(anonymous_6)","decl":{"start":{"line":92,"column":15},"end":{"line":92,"column":18}},"loc":{"start":{"line":92,"column":21},"end":{"line":92,"column":44}}},"7":{"name":"(anonymous_7)","decl":{"start":{"line":99,"column":15},"end":{"line":99,"column":18}},"loc":{"start":{"line":99,"column":21},"end":{"line":99,"column":46}}},"8":{"name":"(anonymous_8)","decl":{"start":{"line":107,"column":36},"end":{"line":107,"column":39}},"loc":{"start":{"line":107,"column":41},"end":{"line":297,"column":1}}},"9":{"name":"(anonymous_9)","decl":{"start":{"line":114,"column":28},"end":{"line":114,"column":29}},"loc":{"start":{"line":114,"column":43},"end":{"line":117,"column":3}}},"10":{"name":"(anonymous_10)","decl":{"start":{"line":119,"column":30},"end":{"line":119,"column":35}},"loc":{"start":{"line":119,"column":41},"end":{"line":126,"column":3}}},"11":{"name":"(anonymous_11)","decl":{"start":{"line":122,"column":28},"end":{"line":122,"column":29}},"loc":{"start":{"line":122,"column":38},"end":{"line":122,"column":62}}},"12":{"name":"(anonymous_12)","decl":{"start":{"line":128,"column":29},"end":{"line":128,"column":32}},"loc":{"start":{"line":128,"column":34},"end":{"line":131,"column":3}}},"13":{"name":"(anonymous_13)","decl":{"start":{"line":149,"column":12},"end":{"line":149,"column":13}},"loc":{"start":{"line":150,"column":8},"end":{"line":154,"column":null}}},"14":{"name":"(anonymous_14)","decl":{"start":{"line":152,"column":20},"end":{"line":152,"column":23}},"loc":{"start":{"line":152,"column":26},"end":{"line":152,"column":60}}},"15":{"name":"(anonymous_15)","decl":{"start":{"line":153,"column":18},"end":{"line":153,"column":21}},"loc":{"start":{"line":153,"column":24},"end":{"line":153,"column":65}}},"16":{"name":"(anonymous_16)","decl":{"start":{"line":154,"column":18},"end":{"line":154,"column":21}},"loc":{"start":{"line":154,"column":24},"end":{"line":154,"column":60}}},"17":{"name":"(anonymous_17)","decl":{"start":{"line":178,"column":13},"end":{"line":178,"column":14}},"loc":{"start":{"line":178,"column":30},"end":{"line":180,"column":5}}},"18":{"name":"(anonymous_18)","decl":{"start":{"line":184,"column":12},"end":{"line":184,"column":15}},"loc":{"start":{"line":184,"column":17},"end":{"line":186,"column":3}}},"19":{"name":"(anonymous_19)","decl":{"start":{"line":188,"column":27},"end":{"line":188,"column":30}},"loc":{"start":{"line":188,"column":32},"end":{"line":190,"column":3}}},"20":{"name":"(anonymous_20)","decl":{"start":{"line":203,"column":18},"end":{"line":203,"column":19}},"loc":{"start":{"line":203,"column":25},"end":{"line":203,"column":56}}},"21":{"name":"(anonymous_21)","decl":{"start":{"line":216,"column":39},"end":{"line":216,"column":40}},"loc":{"start":{"line":217,"column":12},"end":{"line":217,"column":null}}},"22":{"name":"(anonymous_22)","decl":{"start":{"line":218,"column":39},"end":{"line":218,"column":40}},"loc":{"start":{"line":219,"column":16},"end":{"line":219,"column":36}}},"23":{"name":"(anonymous_23)","decl":{"start":{"line":230,"column":40},"end":{"line":230,"column":41}},"loc":{"start":{"line":231,"column":12},"end":{"line":231,"column":null}}},"24":{"name":"(anonymous_24)","decl":{"start":{"line":232,"column":41},"end":{"line":232,"column":42}},"loc":{"start":{"line":233,"column":16},"end":{"line":233,"column":34}}},"25":{"name":"(anonymous_25)","decl":{"start":{"line":243,"column":19},"end":{"line":243,"column":22}},"loc":{"start":{"line":243,"column":25},"end":{"line":243,"column":46}}},"26":{"name":"(anonymous_26)","decl":{"start":{"line":251,"column":19},"end":{"line":251,"column":22}},"loc":{"start":{"line":251,"column":25},"end":{"line":251,"column":45}}},"27":{"name":"(anonymous_27)","decl":{"start":{"line":268,"column":22},"end":{"line":268,"column":23}},"loc":{"start":{"line":268,"column":28},"end":{"line":271,"column":13}}},"28":{"name":"(anonymous_28)","decl":{"start":{"line":276,"column":19},"end":{"line":276,"column":22}},"loc":{"start":{"line":276,"column":25},"end":{"line":276,"column":41}}},"29":{"name":"(anonymous_29)","decl":{"start":{"line":284,"column":19},"end":{"line":284,"column":22}},"loc":{"start":{"line":284,"column":25},"end":{"line":284,"column":69}}}},"branchMap":{"0":{"loc":{"start":{"line":25,"column":4},"end":{"line":27,"column":5}},"type":"if","locations":[{"start":{"line":25,"column":4},"end":{"line":27,"column":5}}]},"1":{"loc":{"start":{"line":44,"column":2},"end":{"line":44,"column":27}},"type":"if","locations":[{"start":{"line":44,"column":2},"end":{"line":44,"column":27}}]},"2":{"loc":{"start":{"line":120,"column":4},"end":{"line":123,"column":5}},"type":"if","locations":[{"start":{"line":120,"column":4},"end":{"line":123,"column":5}}]},"3":{"loc":{"start":{"line":202,"column":15},"end":{"line":202,"column":33}},"type":"binary-expr","locations":[{"start":{"line":202,"column":15},"end":{"line":202,"column":27}},{"start":{"line":202,"column":31},"end":{"line":202,"column":33}}]},"4":{"loc":{"start":{"line":269,"column":27},"end":{"line":269,"column":74}},"type":"cond-expr","locations":[{"start":{"line":269,"column":44},"end":{"line":269,"column":70}},{"start":{"line":269,"column":73},"end":{"line":269,"column":74}}]}},"s":{"0":1,"1":1,"2":1,"3":1,"4":40,"5":40,"6":13,"7":3,"8":13,"9":10,"10":1,"11":40,"12":37,"13":3,"14":1,"15":29,"16":1,"17":1,"18":3,"19":1,"20":40,"21":40,"22":40,"23":40,"24":40,"25":40,"26":3,"27":3,"28":40,"29":1,"30":1,"31":1,"32":2,"33":1,"34":1,"35":40,"36":1,"37":1,"38":40,"39":29,"40":3,"41":1,"42":1,"43":40,"44":40,"45":10,"46":40,"47":13,"48":40,"49":1,"50":40,"51":3,"52":40,"53":160,"54":29,"55":116,"56":0,"57":1,"58":0,"59":0,"60":2,"61":0,"62":1},"f":{"0":40,"1":13,"2":10,"3":40,"4":29,"5":1,"6":1,"7":3,"8":40,"9":3,"10":1,"11":2,"12":1,"13":29,"14":3,"15":1,"16":1,"17":10,"18":13,"19":1,"20":3,"21":40,"22":160,"23":29,"24":116,"25":0,"26":1,"27":0,"28":2,"29":0},"b":{"0":[3],"1":[37],"2":[1],"3":[40,0],"4":[0,0]}}
,"C:\\Users\\allan\\clinicos-admin\\src\\services\\anamnesisService.ts": {"path":"C:\\Users\\allan\\clinicos-admin\\src\\services\\anamnesisService.ts","statementMap":{"0":{"start":{"line":4,"column":13},"end":{"line":109,"column":2}},"1":{"start":{"line":112,"column":22},"end":{"line":116,"column":1}},"2":{"start":{"line":113,"column":2},"end":{"line":115,"column":5}},"3":{"start":{"line":114,"column":4},"end":{"line":114,"column":41}},"4":{"start":{"line":114,"column":21},"end":{"line":114,"column":34}},"5":{"start":{"line":119,"column":38},"end":{"line":128,"column":1}},"6":{"start":{"line":122,"column":24},"end":{"line":125,"column":null}},"7":{"start":{"line":124,"column":6},"end":{"line":125,"column":71}},"8":{"start":{"line":127,"column":2},"end":{"line":127,"column":38}},"9":{"start":{"line":119,"column":13},"end":{"line":119,"column":38}},"10":{"start":{"line":131,"column":34},"end":{"line":139,"column":1}},"11":{"start":{"line":134,"column":15},"end":{"line":134,"column":49}},"12":{"start":{"line":134,"column":37},"end":{"line":134,"column":48}},"13":{"start":{"line":135,"column":2},"end":{"line":137,"column":3}},"14":{"start":{"line":136,"column":4},"end":{"line":136,"column":38}},"15":{"start":{"line":138,"column":2},"end":{"line":138,"column":29}},"16":{"start":{"line":131,"column":13},"end":{"line":131,"column":34}},"17":{"start":{"line":142,"column":35},"end":{"line":152,"column":1}},"18":{"start":{"line":145,"column":33},"end":{"line":149,"column":4}},"19":{"start":{"line":150,"column":2},"end":{"line":150,"column":26}},"20":{"start":{"line":151,"column":2},"end":{"line":151,"column":32}},"21":{"start":{"line":142,"column":13},"end":{"line":142,"column":35}},"22":{"start":{"line":155,"column":35},"end":{"line":164,"column":1}},"23":{"start":{"line":158,"column":16},"end":{"line":158,"column":60}},"24":{"start":{"line":158,"column":43},"end":{"line":158,"column":59}},"25":{"start":{"line":159,"column":2},"end":{"line":161,"column":3}},"26":{"start":{"line":160,"column":4},"end":{"line":160,"column":38}},"27":{"start":{"line":162,"column":2},"end":{"line":162,"column":26}},"28":{"start":{"line":163,"column":2},"end":{"line":163,"column":29}},"29":{"start":{"line":155,"column":13},"end":{"line":155,"column":35}},"30":{"start":{"line":167,"column":35},"end":{"line":174,"column":1}},"31":{"start":{"line":168,"column":16},"end":{"line":168,"column":55}},"32":{"start":{"line":168,"column":43},"end":{"line":168,"column":54}},"33":{"start":{"line":169,"column":2},"end":{"line":171,"column":3}},"34":{"start":{"line":170,"column":4},"end":{"line":170,"column":38}},"35":{"start":{"line":172,"column":2},"end":{"line":172,"column":29}},"36":{"start":{"line":173,"column":2},"end":{"line":173,"column":34}},"37":{"start":{"line":167,"column":13},"end":{"line":167,"column":35}},"38":{"start":{"line":177,"column":35},"end":{"line":181,"column":1}},"39":{"start":{"line":180,"column":2},"end":{"line":180,"column":44}},"40":{"start":{"line":177,"column":13},"end":{"line":177,"column":35}}},"fnMap":{"0":{"name":"(anonymous_0)","decl":{"start":{"line":112,"column":22},"end":{"line":112,"column":26}},"loc":{"start":{"line":112,"column":49},"end":{"line":116,"column":1}}},"1":{"name":"(anonymous_1)","decl":{"start":{"line":113,"column":21},"end":{"line":113,"column":22}},"loc":{"start":{"line":113,"column":33},"end":{"line":115,"column":3}}},"2":{"name":"(anonymous_2)","decl":{"start":{"line":114,"column":15},"end":{"line":114,"column":18}},"loc":{"start":{"line":114,"column":21},"end":{"line":114,"column":34}}},"3":{"name":"(anonymous_3)","decl":{"start":{"line":119,"column":38},"end":{"line":119,"column":43}},"loc":{"start":{"line":121,"column":30},"end":{"line":128,"column":1}}},"4":{"name":"(anonymous_4)","decl":{"start":{"line":123,"column":4},"end":{"line":123,"column":5}},"loc":{"start":{"line":124,"column":6},"end":{"line":125,"column":71}}},"5":{"name":"(anonymous_5)","decl":{"start":{"line":131,"column":34},"end":{"line":131,"column":39}},"loc":{"start":{"line":133,"column":28},"end":{"line":139,"column":1}}},"6":{"name":"(anonymous_6)","decl":{"start":{"line":134,"column":30},"end":{"line":134,"column":31}},"loc":{"start":{"line":134,"column":37},"end":{"line":134,"column":48}}},"7":{"name":"(anonymous_7)","decl":{"start":{"line":142,"column":35},"end":{"line":142,"column":40}},"loc":{"start":{"line":144,"column":28},"end":{"line":152,"column":1}}},"8":{"name":"(anonymous_8)","decl":{"start":{"line":155,"column":35},"end":{"line":155,"column":40}},"loc":{"start":{"line":157,"column":28},"end":{"line":164,"column":1}}},"9":{"name":"(anonymous_9)","decl":{"start":{"line":158,"column":36},"end":{"line":158,"column":37}},"loc":{"start":{"line":158,"column":43},"end":{"line":158,"column":59}}},"10":{"name":"(anonymous_10)","decl":{"start":{"line":167,"column":35},"end":{"line":167,"column":40}},"loc":{"start":{"line":167,"column":71},"end":{"line":174,"column":1}}},"11":{"name":"(anonymous_11)","decl":{"start":{"line":168,"column":36},"end":{"line":168,"column":37}},"loc":{"start":{"line":168,"column":43},"end":{"line":168,"column":54}}},"12":{"name":"(anonymous_12)","decl":{"start":{"line":177,"column":35},"end":{"line":177,"column":40}},"loc":{"start":{"line":179,"column":30},"end":{"line":181,"column":1}}}},"branchMap":{"0":{"loc":{"start":{"line":120,"column":2},"end":{"line":120,"column":25}},"type":"default-arg","locations":[{"start":{"line":120,"column":23},"end":{"line":120,"column":25}}]},"1":{"loc":{"start":{"line":124,"column":6},"end":{"line":125,"column":71}},"type":"binary-expr","locations":[{"start":{"line":124,"column":6},"end":{"line":124,"column":65}},{"start":{"line":125,"column":6},"end":{"line":125,"column":71}}]},"2":{"loc":{"start":{"line":135,"column":2},"end":{"line":137,"column":3}},"type":"if","locations":[{"start":{"line":135,"column":2},"end":{"line":137,"column":3}}]},"3":{"loc":{"start":{"line":159,"column":2},"end":{"line":161,"column":3}},"type":"if","locations":[{"start":{"line":159,"column":2},"end":{"line":161,"column":3}}]},"4":{"loc":{"start":{"line":169,"column":2},"end":{"line":171,"column":3}},"type":"if","locations":[{"start":{"line":169,"column":2},"end":{"line":171,"column":3}}]}},"s":{"0":5,"1":5,"2":9,"3":9,"4":9,"5":5,"6":4,"7":8,"8":4,"9":5,"10":5,"11":3,"12":4,"13":3,"14":1,"15":2,"16":5,"17":5,"18":1,"19":1,"20":1,"21":5,"22":5,"23":2,"24":4,"25":2,"26":1,"27":1,"28":1,"29":5,"30":5,"31":2,"32":4,"33":2,"34":1,"35":1,"36":1,"37":5,"38":5,"39":1,"40":5},"f":{"0":9,"1":9,"2":9,"3":4,"4":8,"5":3,"6":4,"7":1,"8":2,"9":4,"10":2,"11":4,"12":1},"b":{"0":[2],"1":[8,2],"2":[1],"3":[1],"4":[1]}}
}
