TN:
SF:src\components\AnamnesisFormEditor.tsx
FN:28,(anonymous_1)
FN:63,(anonymous_2)
FN:68,(anonymous_3)
FN:69,(anonymous_4)
FN:73,(anonymous_5)
FN:77,(anonymous_6)
FN:80,(anonymous_7)
FN:86,(anonymous_8)
FN:88,(anonymous_9)
FN:92,(anonymous_10)
FN:103,(anonymous_11)
FN:104,(anonymous_12)
FN:106,(anonymous_13)
FN:112,(anonymous_14)
FN:118,(anonymous_15)
FN:124,(anonymous_16)
FN:125,(anonymous_17)
FN:127,(anonymous_18)
FN:131,(anonymous_19)
FN:138,(anonymous_20)
FN:140,(anonymous_21)
FN:148,(anonymous_22)
FN:149,(anonymous_23)
FN:151,(anonymous_24)
FN:155,(anonymous_25)
FN:162,(anonymous_26)
FN:166,(anonymous_27)
FN:168,(anonymous_28)
FN:171,(anonymous_29)
FN:182,(anonymous_30)
FN:186,(anonymous_31)
FN:188,(anonymous_32)
FN:191,(anonymous_33)
FN:194,(anonymous_34)
FN:215,(anonymous_35)
FN:268,(anonymous_36)
FN:271,(anonymous_37)
FN:275,(anonymous_38)
FN:278,(anonymous_39)
FN:283,(anonymous_40)
FN:288,(anonymous_41)
FN:291,(anonymous_42)
FN:296,(anonymous_43)
FN:304,(anonymous_44)
FN:313,(anonymous_45)
FNF:45
FNH:22
FNDA:33,(anonymous_1)
FNDA:8,(anonymous_2)
FNDA:1,(anonymous_3)
FNDA:8,(anonymous_4)
FNDA:2,(anonymous_5)
FNDA:2,(anonymous_6)
FNDA:0,(anonymous_7)
FNDA:0,(anonymous_8)
FNDA:0,(anonymous_9)
FNDA:0,(anonymous_10)
FNDA:0,(anonymous_11)
FNDA:0,(anonymous_12)
FNDA:0,(anonymous_13)
FNDA:1,(anonymous_14)
FNDA:1,(anonymous_15)
FNDA:0,(anonymous_16)
FNDA:0,(anonymous_17)
FNDA:0,(anonymous_18)
FNDA:1,(anonymous_19)
FNDA:1,(anonymous_20)
FNDA:1,(anonymous_21)
FNDA:1,(anonymous_22)
FNDA:1,(anonymous_23)
FNDA:1,(anonymous_24)
FNDA:1,(anonymous_25)
FNDA:0,(anonymous_26)
FNDA:0,(anonymous_27)
FNDA:0,(anonymous_28)
FNDA:0,(anonymous_29)
FNDA:0,(anonymous_30)
FNDA:0,(anonymous_31)
FNDA:0,(anonymous_32)
FNDA:0,(anonymous_33)
FNDA:0,(anonymous_34)
FNDA:2,(anonymous_35)
FNDA:14,(anonymous_36)
FNDA:14,(anonymous_37)
FNDA:0,(anonymous_38)
FNDA:0,(anonymous_39)
FNDA:0,(anonymous_40)
FNDA:13,(anonymous_41)
FNDA:13,(anonymous_42)
FNDA:0,(anonymous_43)
FNDA:1,(anonymous_44)
FNDA:1,(anonymous_45)
DA:2,1
DA:11,1
DA:17,1
DA:18,1
DA:20,1
DA:25,1
DA:26,1
DA:28,1
DA:29,33
DA:30,33
DA:31,33
DA:38,33
DA:39,33
DA:41,33
DA:48,33
DA:55,33
DA:63,33
DA:64,8
DA:65,8
DA:66,8
DA:68,1
DA:69,8
DA:73,33
DA:76,2
DA:77,2
DA:80,33
DA:86,0
DA:89,0
DA:93,0
DA:103,33
DA:104,0
DA:107,0
DA:112,33
DA:113,1
DA:118,1
DA:124,33
DA:125,0
DA:127,0
DA:131,33
DA:132,1
DA:138,1
DA:141,1
DA:148,33
DA:149,1
DA:152,1
DA:155,1
DA:162,33
DA:163,0
DA:165,0
DA:166,0
DA:167,0
DA:168,0
DA:170,0
DA:171,0
DA:174,0
DA:182,33
DA:183,0
DA:185,0
DA:186,0
DA:187,0
DA:188,0
DA:190,0
DA:191,0
DA:193,0
DA:194,0
DA:197,0
DA:198,0
DA:207,0
DA:215,33
DA:216,2
DA:217,2
DA:218,2
DA:219,2
DA:220,2
DA:221,1
DA:223,1
DA:225,2
DA:229,33
DA:230,23
DA:231,21
DA:268,14
DA:272,14
DA:276,0
DA:278,0
DA:284,0
DA:288,13
DA:292,13
DA:297,0
DA:305,1
DA:313,1
DA:341,1
LF:91
LH:60
BRDA:64,0,0,8
BRDA:89,1,0,0
BRDA:89,1,1,0
BRDA:93,2,0,0
BRDA:93,2,1,0
BRDA:107,3,0,0
BRDA:107,3,1,0
BRDA:141,4,0,1
BRDA:141,4,1,0
BRDA:152,5,0,1
BRDA:152,5,1,0
BRDA:165,6,0,0
BRDA:165,7,0,0
BRDA:165,7,1,0
BRDA:185,8,0,0
BRDA:185,9,0,0
BRDA:185,9,1,0
BRDA:223,10,0,1
BRDA:223,10,1,0
BRDA:229,11,0,10
BRDA:230,12,0,2
BRF:21
BRH:6
end_of_record
TN:
SF:src\components\CreateAnamnesisForm.tsx
FN:24,(anonymous_1)
FN:29,(anonymous_2)
FN:51,(anonymous_3)
FN:55,(anonymous_4)
FN:58,(anonymous_5)
FN:64,(anonymous_6)
FN:70,(anonymous_7)
FN:71,(anonymous_8)
FN:73,(anonymous_9)
FN:77,(anonymous_10)
FN:78,(anonymous_11)
FN:80,(anonymous_12)
FN:86,(anonymous_13)
FN:93,(anonymous_14)
FN:95,(anonymous_15)
FN:103,(anonymous_16)
FN:104,(anonymous_17)
FN:106,(anonymous_18)
FN:110,(anonymous_19)
FN:117,(anonymous_20)
FN:123,(anonymous_21)
FN:125,(anonymous_22)
FN:129,(anonymous_23)
FN:140,(anonymous_24)
FN:144,(anonymous_25)
FN:146,(anonymous_26)
FN:149,(anonymous_27)
FN:160,(anonymous_28)
FN:164,(anonymous_29)
FN:166,(anonymous_30)
FN:169,(anonymous_31)
FN:172,(anonymous_32)
FN:193,(anonymous_33)
FN:214,(anonymous_34)
FN:216,(anonymous_35)
FN:235,(anonymous_36)
FN:285,(anonymous_37)
FN:288,(anonymous_38)
FN:292,(anonymous_39)
FN:293,(anonymous_40)
FN:300,(anonymous_41)
FN:305,(anonymous_42)
FN:308,(anonymous_43)
FN:313,(anonymous_44)
FN:321,(anonymous_45)
FN:330,(anonymous_46)
FNF:46
FNH:16
FNDA:0,(anonymous_1)
FNDA:27,(anonymous_2)
FNDA:8,(anonymous_3)
FNDA:8,(anonymous_4)
FNDA:5,(anonymous_5)
FNDA:5,(anonymous_6)
FNDA:0,(anonymous_7)
FNDA:0,(anonymous_8)
FNDA:0,(anonymous_9)
FNDA:0,(anonymous_10)
FNDA:0,(anonymous_11)
FNDA:0,(anonymous_12)
FNDA:3,(anonymous_13)
FNDA:3,(anonymous_14)
FNDA:3,(anonymous_15)
FNDA:0,(anonymous_16)
FNDA:0,(anonymous_17)
FNDA:0,(anonymous_18)
FNDA:0,(anonymous_19)
FNDA:0,(anonymous_20)
FNDA:0,(anonymous_21)
FNDA:0,(anonymous_22)
FNDA:0,(anonymous_23)
FNDA:0,(anonymous_24)
FNDA:0,(anonymous_25)
FNDA:0,(anonymous_26)
FNDA:0,(anonymous_27)
FNDA:0,(anonymous_28)
FNDA:0,(anonymous_29)
FNDA:0,(anonymous_30)
FNDA:0,(anonymous_31)
FNDA:0,(anonymous_32)
FNDA:5,(anonymous_33)
FNDA:2,(anonymous_34)
FNDA:1,(anonymous_35)
FNDA:0,(anonymous_36)
FNDA:10,(anonymous_37)
FNDA:10,(anonymous_38)
FNDA:0,(anonymous_39)
FNDA:0,(anonymous_40)
FNDA:0,(anonymous_41)
FNDA:5,(anonymous_42)
FNDA:5,(anonymous_43)
FNDA:0,(anonymous_44)
FNDA:0,(anonymous_45)
FNDA:3,(anonymous_46)
DA:1,1
DA:10,1
DA:16,1
DA:17,1
DA:19,1
DA:21,1
DA:22,1
DA:24,1
DA:25,0
DA:26,0
DA:29,1
DA:30,27
DA:31,27
DA:36,27
DA:37,27
DA:39,27
DA:51,27
DA:54,8
DA:55,8
DA:58,27
DA:59,5
DA:64,5
DA:70,27
DA:71,0
DA:73,0
DA:77,27
DA:78,0
DA:81,0
DA:86,27
DA:87,3
DA:93,3
DA:96,3
DA:103,27
DA:104,0
DA:107,0
DA:110,0
DA:117,27
DA:123,0
DA:126,0
DA:130,0
DA:140,27
DA:141,0
DA:143,0
DA:144,0
DA:145,0
DA:146,0
DA:148,0
DA:149,0
DA:152,0
DA:160,27
DA:161,0
DA:163,0
DA:164,0
DA:165,0
DA:166,0
DA:168,0
DA:169,0
DA:171,0
DA:172,0
DA:175,0
DA:176,0
DA:185,0
DA:193,27
DA:194,5
DA:197,5
DA:198,5
DA:201,5
DA:202,1
DA:203,1
DA:206,4
DA:207,1
DA:208,1
DA:211,3
DA:212,3
DA:214,2
DA:217,1
DA:218,0
DA:223,1
DA:227,3
DA:228,3
DA:230,0
DA:235,27
DA:238,0
DA:239,0
DA:243,27
DA:285,10
DA:289,10
DA:292,0
DA:294,0
DA:301,0
DA:305,5
DA:309,5
DA:314,0
DA:322,0
DA:330,3
DA:357,1
LF:96
LH:55
BRDA:81,0,0,0
BRDA:81,0,1,0
BRDA:96,1,0,3
BRDA:96,1,1,0
BRDA:107,2,0,0
BRDA:107,2,1,0
BRDA:126,3,0,0
BRDA:126,3,1,0
BRDA:130,4,0,0
BRDA:130,4,1,0
BRDA:143,5,0,0
BRDA:163,6,0,0
BRDA:201,7,0,1
BRDA:206,8,0,1
BRDA:217,9,0,0
BRDA:238,10,0,0
BRDA:260,11,0,27
BRDA:260,11,1,1
BRDA:275,12,0,27
BRDA:275,12,1,1
BRF:20
BRH:7
end_of_record
TN:
SF:src\components\SortableQuestion.tsx
FN:14,(anonymous_0)
FN:27,(anonymous_1)
FN:45,(anonymous_2)
FN:55,(anonymous_3)
FN:62,(anonymous_4)
FN:67,(anonymous_5)
FN:73,(anonymous_6)
FN:74,(anonymous_7)
FN:82,(anonymous_8)
FN:93,(anonymous_9)
FN:104,(anonymous_10)
FN:112,(anonymous_11)
FN:119,(anonymous_12)
FN:130,(anonymous_13)
FN:141,(anonymous_14)
FN:146,(anonymous_15)
FN:154,(anonymous_16)
FN:158,(anonymous_17)
FN:165,(anonymous_18)
FN:191,(anonymous_19)
FN:215,(anonymous_20)
FN:223,(anonymous_21)
FNF:22
FNH:3
FNDA:24,(anonymous_0)
FNDA:13,(anonymous_1)
FNDA:0,(anonymous_2)
FNDA:0,(anonymous_3)
FNDA:0,(anonymous_4)
FNDA:0,(anonymous_5)
FNDA:0,(anonymous_6)
FNDA:0,(anonymous_7)
FNDA:0,(anonymous_8)
FNDA:0,(anonymous_9)
FNDA:0,(anonymous_10)
FNDA:24,(anonymous_11)
FNDA:0,(anonymous_12)
FNDA:0,(anonymous_13)
FNDA:0,(anonymous_14)
FNDA:0,(anonymous_15)
FNDA:0,(anonymous_16)
FNDA:0,(anonymous_17)
FNDA:0,(anonymous_18)
FNDA:0,(anonymous_19)
FNDA:0,(anonymous_20)
FNDA:0,(anonymous_21)
DA:1,3
DA:2,3
DA:3,3
DA:14,3
DA:21,24
DA:23,24
DA:24,24
DA:25,24
DA:27,24
DA:28,13
DA:29,0
DA:30,0
DA:31,0
DA:32,0
DA:34,0
DA:35,0
DA:40,24
DA:45,24
DA:49,0
DA:55,24
DA:56,0
DA:57,0
DA:58,0
DA:59,0
DA:62,24
DA:63,0
DA:64,0
DA:67,24
DA:68,0
DA:69,0
DA:70,0
DA:73,24
DA:74,0
DA:76,0
DA:77,0
DA:78,0
DA:79,0
DA:82,24
DA:83,0
DA:84,0
DA:86,0
DA:87,0
DA:88,0
DA:90,0
DA:93,24
DA:94,0
DA:95,0
DA:97,0
DA:98,0
DA:99,0
DA:101,0
DA:104,24
DA:107,0
DA:108,0
DA:112,24
DA:113,24
DA:115,24
DA:119,0
DA:127,0
DA:130,0
DA:139,0
DA:142,0
DA:146,0
DA:154,0
DA:159,0
DA:165,0
DA:185,0
DA:191,0
DA:196,0
DA:200,24
DA:215,0
DA:223,0
DA:246,3
LF:73
LH:24
BRDA:28,0,0,0
BRDA:31,1,0,0
BRDA:31,1,1,0
BRDA:32,2,0,0
BRDA:32,2,1,0
BRDA:76,3,0,0
BRDA:76,3,1,0
BRDA:83,4,0,0
BRDA:87,5,0,0
BRDA:94,6,0,0
BRDA:98,7,0,0
BRDA:107,8,0,0
BRDA:113,9,0,24
BRDA:113,9,1,0
BRDA:113,9,2,0
BRDA:113,9,3,0
BRDA:113,9,4,0
BRDA:162,10,0,0
BRDA:162,10,1,0
BRDA:173,11,0,0
BRDA:173,11,1,0
BRDA:185,12,0,0
BRDA:185,12,1,0
BRDA:208,13,0,1
BRDA:208,13,1,23
BRDA:220,14,0,24
BRDA:220,14,1,23
BRDA:233,15,0,24
BRDA:233,15,1,23
BRF:29
BRH:7
end_of_record
TN:
SF:src\components\SortableSection.tsx
FN:15,(anonymous_0)
FN:30,(anonymous_1)
FN:51,(anonymous_2)
FNF:3
FNH:1
FNDA:32,(anonymous_0)
FNDA:0,(anonymous_1)
FNDA:0,(anonymous_2)
DA:1,3
DA:2,3
DA:15,3
DA:23,32
DA:25,32
DA:30,32
DA:31,0
DA:32,0
DA:36,32
DA:51,0
DA:70,3
LF:11
LH:8
BRDA:20,0,0,31
BRDA:31,1,0,0
BRDA:44,2,0,1
BRDA:44,2,1,31
BRDA:57,3,0,32
BRDA:57,3,1,31
BRDA:57,3,2,31
BRF:7
BRH:6
end_of_record
TN:
SF:src\pages\AnamnesisFormDetail.tsx
FN:28,(anonymous_1)
FN:46,(anonymous_2)
FN:51,(anonymous_3)
FN:52,(anonymous_4)
FN:56,(anonymous_5)
FN:60,(anonymous_6)
FN:64,(anonymous_7)
FN:67,(anonymous_8)
FN:83,(anonymous_9)
FN:87,(anonymous_10)
FN:91,(anonymous_11)
FN:94,(anonymous_12)
FN:97,(anonymous_13)
FN:137,(anonymous_14)
FN:140,(anonymous_15)
FN:145,(anonymous_16)
FN:148,(anonymous_17)
FN:151,(anonymous_18)
FN:156,(anonymous_19)
FN:157,(anonymous_20)
FNF:20
FNH:8
FNDA:7,(anonymous_1)
FNDA:4,(anonymous_2)
FNDA:1,(anonymous_3)
FNDA:3,(anonymous_4)
FNDA:0,(anonymous_5)
FNDA:0,(anonymous_6)
FNDA:0,(anonymous_7)
FNDA:0,(anonymous_8)
FNDA:0,(anonymous_9)
FNDA:0,(anonymous_10)
FNDA:0,(anonymous_11)
FNDA:0,(anonymous_12)
FNDA:0,(anonymous_13)
FNDA:1,(anonymous_14)
FNDA:1,(anonymous_15)
FNDA:0,(anonymous_16)
FNDA:1,(anonymous_17)
FNDA:1,(anonymous_18)
FNDA:0,(anonymous_19)
FNDA:0,(anonymous_20)
DA:2,1
DA:11,1
DA:17,1
DA:18,1
DA:20,1
DA:21,1
DA:22,1
DA:28,1
DA:29,7
DA:30,7
DA:31,7
DA:32,7
DA:34,7
DA:46,7
DA:47,4
DA:48,4
DA:49,4
DA:51,1
DA:52,3
DA:56,7
DA:57,0
DA:59,0
DA:60,0
DA:61,0
DA:63,0
DA:64,0
DA:66,0
DA:67,0
DA:70,0
DA:76,0
DA:78,0
DA:83,7
DA:84,0
DA:86,0
DA:87,0
DA:88,0
DA:90,0
DA:91,0
DA:93,0
DA:94,0
DA:96,0
DA:97,0
DA:100,0
DA:101,0
DA:110,0
DA:116,0
DA:118,0
DA:123,7
DA:124,3
DA:125,2
DA:127,1
DA:137,1
DA:141,1
DA:145,0
DA:148,1
DA:152,1
DA:170,1
LF:57
LH:30
BRDA:47,0,0,4
BRDA:59,1,0,0
BRDA:59,2,0,0
BRDA:59,2,1,0
BRDA:59,2,2,0
BRDA:61,3,0,0
BRDA:86,4,0,0
BRDA:86,5,0,0
BRDA:86,5,1,0
BRDA:86,5,2,0
BRDA:88,6,0,0
BRDA:123,7,0,4
BRDA:124,8,0,1
BRDA:125,9,0,1
BRF:14
BRH:4
end_of_record
TN:
SF:src\pages\AnamnesisFormList.tsx
FN:18,debounce
FN:24,(anonymous_1)
FN:29,(anonymous_2)
FN:39,(anonymous_3)
FN:81,(anonymous_4)
FN:85,(anonymous_5)
FN:92,(anonymous_6)
FN:99,(anonymous_7)
FN:107,(anonymous_8)
FN:114,(anonymous_9)
FN:119,(anonymous_10)
FN:122,(anonymous_11)
FN:128,(anonymous_12)
FN:149,(anonymous_13)
FN:152,(anonymous_14)
FN:153,(anonymous_15)
FN:154,(anonymous_16)
FN:178,(anonymous_17)
FN:184,(anonymous_18)
FN:188,(anonymous_19)
FN:203,(anonymous_20)
FN:216,(anonymous_21)
FN:218,(anonymous_22)
FN:230,(anonymous_23)
FN:232,(anonymous_24)
FN:243,(anonymous_25)
FN:251,(anonymous_26)
FN:268,(anonymous_27)
FN:276,(anonymous_28)
FN:284,(anonymous_29)
FNF:30
FNH:27
FNDA:40,debounce
FNDA:13,(anonymous_1)
FNDA:10,(anonymous_2)
FNDA:40,(anonymous_3)
FNDA:29,(anonymous_4)
FNDA:1,(anonymous_5)
FNDA:1,(anonymous_6)
FNDA:3,(anonymous_7)
FNDA:40,(anonymous_8)
FNDA:3,(anonymous_9)
FNDA:1,(anonymous_10)
FNDA:2,(anonymous_11)
FNDA:1,(anonymous_12)
FNDA:29,(anonymous_13)
FNDA:3,(anonymous_14)
FNDA:1,(anonymous_15)
FNDA:1,(anonymous_16)
FNDA:10,(anonymous_17)
FNDA:13,(anonymous_18)
FNDA:1,(anonymous_19)
FNDA:3,(anonymous_20)
FNDA:40,(anonymous_21)
FNDA:160,(anonymous_22)
FNDA:29,(anonymous_23)
FNDA:116,(anonymous_24)
FNDA:0,(anonymous_25)
FNDA:1,(anonymous_26)
FNDA:0,(anonymous_27)
FNDA:2,(anonymous_28)
FNDA:0,(anonymous_29)
DA:2,1
DA:9,1
DA:10,1
DA:12,1
DA:22,40
DA:24,40
DA:25,13
DA:26,3
DA:29,13
DA:39,1
DA:44,40
DA:46,3
DA:81,1
DA:82,29
DA:85,1
DA:92,1
DA:99,3
DA:107,1
DA:108,40
DA:109,40
DA:110,40
DA:111,40
DA:112,40
DA:114,40
DA:115,3
DA:116,3
DA:119,40
DA:120,1
DA:121,1
DA:122,2
DA:124,1
DA:125,1
DA:128,40
DA:129,1
DA:130,1
DA:133,40
DA:150,29
DA:152,3
DA:153,1
DA:154,1
DA:160,40
DA:177,40
DA:179,10
DA:184,40
DA:185,13
DA:188,40
DA:189,1
DA:192,40
DA:203,3
DA:217,40
DA:219,160
DA:231,29
DA:233,116
DA:243,0
DA:251,1
DA:269,0
DA:270,0
DA:276,2
DA:284,0
DA:299,1
LF:60
LH:56
BRDA:25,0,0,3
BRDA:44,1,0,37
BRDA:120,2,0,1
BRDA:202,3,0,40
BRDA:202,3,1,0
BRDA:269,4,0,0
BRDA:269,4,1,0
BRF:7
BRH:4
end_of_record
TN:
SF:src\services\anamnesisService.ts
FN:112,(anonymous_0)
FN:113,(anonymous_1)
FN:114,(anonymous_2)
FN:119,(anonymous_3)
FN:123,(anonymous_4)
FN:131,(anonymous_5)
FN:134,(anonymous_6)
FN:142,(anonymous_7)
FN:155,(anonymous_8)
FN:158,(anonymous_9)
FN:167,(anonymous_10)
FN:168,(anonymous_11)
FN:177,(anonymous_12)
FNF:13
FNH:13
FNDA:9,(anonymous_0)
FNDA:9,(anonymous_1)
FNDA:9,(anonymous_2)
FNDA:4,(anonymous_3)
FNDA:8,(anonymous_4)
FNDA:3,(anonymous_5)
FNDA:4,(anonymous_6)
FNDA:1,(anonymous_7)
FNDA:2,(anonymous_8)
FNDA:4,(anonymous_9)
FNDA:2,(anonymous_10)
FNDA:4,(anonymous_11)
FNDA:1,(anonymous_12)
DA:4,5
DA:112,5
DA:113,9
DA:114,9
DA:119,5
DA:122,4
DA:124,8
DA:127,4
DA:131,5
DA:134,4
DA:135,3
DA:136,1
DA:138,2
DA:142,5
DA:145,1
DA:150,1
DA:151,1
DA:155,5
DA:158,4
DA:159,2
DA:160,1
DA:162,1
DA:163,1
DA:167,5
DA:168,4
DA:169,2
DA:170,1
DA:172,1
DA:173,1
DA:177,5
DA:180,1
LF:31
LH:31
BRDA:120,0,0,2
BRDA:124,1,0,8
BRDA:124,1,1,2
BRDA:135,2,0,1
BRDA:159,3,0,1
BRDA:169,4,0,1
BRF:6
BRH:6
end_of_record
